Replace Part C1.1 C0805C104K5RACTU in D:\Drone\Drone\Hardware\QuadcoperDesign V2\[1] PowerSupply.SchDoc with C0805C104K5RACTU from Minh_Lib.SchLib
Replace Part C2.1 C0805C104K5RACTU in D:\Drone\Drone\Hardware\QuadcoperDesign V2\[1] PowerSupply.SchDoc with C0805C104K5RACTU from Minh_Lib.SchLib
Replace Part C4.1 C0805C106K4PACTU in D:\Drone\Drone\Hardware\QuadcoperDesign V2\[1] PowerSupply.SchDoc with C0805C106K4PACTU from Minh_Lib.SchLib
Replace Part C5.1 C0805C106K4PACTU in D:\Drone\Drone\Hardware\QuadcoperDesign V2\[1] PowerSupply.SchDoc with C0805C106K4PACTU from Minh_Lib.SchLib
Replace Part C7.1 C0805C106K4PACTU in D:\Drone\Drone\Hardware\QuadcoperDesign V2\[1] PowerSupply.SchDoc with C0805C106K4PACTU from Minh_Lib.SchLib
Replace Part C8.1 CC0603KRX7R7BB105 in D:\Drone\Drone\Hardware\QuadcoperDesign V2\[1] PowerSupply.SchDoc with CC0603KRX7R7BB105 from Minh_Lib.SchLib
Replace Part C9.1 CC0603KRX5R6BB106 in D:\Drone\Drone\Hardware\QuadcoperDesign V2\[1] PowerSupply.SchDoc with CC0603KRX5R6BB106 from Minh_Lib.SchLib
Replace Part C10.1 CC0603KRX7R9BB223 in D:\Drone\Drone\Hardware\QuadcoperDesign V2\[1] PowerSupply.SchDoc with CC0603KRX7R9BB223 from Minh_Lib.SchLib
Replace Part C12.1 C0805C106K4PACTU in D:\Drone\Drone\Hardware\QuadcoperDesign V2\[1] PowerSupply.SchDoc with C0805C106K4PACTU from Minh_Lib.SchLib
Replace Part C13.1 C0805C106K4PACTU in D:\Drone\Drone\Hardware\QuadcoperDesign V2\[1] PowerSupply.SchDoc with C0805C106K4PACTU from Minh_Lib.SchLib
Replace Part C14.1 CC0603KRX7R7BB105 in D:\Drone\Drone\Hardware\QuadcoperDesign V2\[1] PowerSupply.SchDoc with CC0603KRX7R7BB105 from Minh_Lib.SchLib
Replace Part D1.1 LED0805-RED in D:\Drone\Drone\Hardware\QuadcoperDesign V2\[1] PowerSupply.SchDoc with LED0805-RED from Minh_Lib.SchLib
Replace Part D2.1 SS34 in D:\Drone\Drone\Hardware\QuadcoperDesign V2\[1] PowerSupply.SchDoc with SS34 from Minh_Lib.SchLib
Replace Part D3.1 SS14R3 in D:\Drone\Drone\Hardware\QuadcoperDesign V2\[1] PowerSupply.SchDoc with SS14R3 from Minh_Lib.SchLib
Replace Part D4.1 SS14R3 in D:\Drone\Drone\Hardware\QuadcoperDesign V2\[1] PowerSupply.SchDoc with SS14R3 from Minh_Lib.SchLib
Replace Part EEE1.1 EEE-1EA101XP in D:\Drone\Drone\Hardware\QuadcoperDesign V2\[1] PowerSupply.SchDoc with EEE-1EA101XP from Minh_Lib.SchLib
Replace Part EEE2.1 EEE-1EA101XP in D:\Drone\Drone\Hardware\QuadcoperDesign V2\[1] PowerSupply.SchDoc with EEE-1EA101XP from Minh_Lib.SchLib
Replace Part F1.1 FUSES-SMD1812 in D:\Drone\Drone\Hardware\QuadcoperDesign V2\[1] PowerSupply.SchDoc with FUSES-SMD1812 from Minh_Lib.SchLib
Replace Part H1.1 CDRH104RNP-680NC in D:\Drone\Drone\Hardware\QuadcoperDesign V2\[1] PowerSupply.SchDoc with CDRH104RNP-680NC from Minh_Lib.SchLib
Replace Part IC2.1 AMS1117 - 3V3 in D:\Drone\Drone\Hardware\QuadcoperDesign V2\[1] PowerSupply.SchDoc with AMS1117 - 3V3 from Minh_Lib.SchLib
Replace Part IC3.1 RT9193-33GB in D:\Drone\Drone\Hardware\QuadcoperDesign V2\[1] PowerSupply.SchDoc with RT9193-33GB from Minh_Lib.SchLib
Replace Part IC4.1 LM358DR in D:\Drone\Drone\Hardware\QuadcoperDesign V2\[1] PowerSupply.SchDoc with LM358DR from Minh_Lib.SchLib
Replace Part IC5.1 AMS1117 - 3V3 in D:\Drone\Drone\Hardware\QuadcoperDesign V2\[1] PowerSupply.SchDoc with AMS1117 - 3V3 from Minh_Lib.SchLib
Replace Part P1.1 Domino 15EDG-3.81-02P in D:\Drone\Drone\Hardware\QuadcoperDesign V2\[1] PowerSupply.SchDoc with Domino 15EDG-3.81-02P from Minh_Lib.SchLib
Replace Part P4.1 HDR1x2_2.54_MALE in D:\Drone\Drone\Hardware\QuadcoperDesign V2\[1] PowerSupply.SchDoc with HDR1x2_2.54_MALE from Minh_Lib.SchLib
Replace Part P5.1 Domino 15EDG-3.81-02P in D:\Drone\Drone\Hardware\QuadcoperDesign V2\[1] PowerSupply.SchDoc with Domino 15EDG-3.81-02P from Minh_Lib.SchLib
Replace Part P6.1 SCT1501WR-S-02PT in D:\Drone\Drone\Hardware\QuadcoperDesign V2\[1] PowerSupply.SchDoc with SCT1501WR-S-02PT from Minh_Lib.SchLib
Replace Part Q1.1 MMS8050-H-TP in D:\Drone\Drone\Hardware\QuadcoperDesign V2\[1] PowerSupply.SchDoc with MMS8050-H-TP from Minh_Lib.SchLib
Replace Part R1.1 RC0805JR-071K5L in D:\Drone\Drone\Hardware\QuadcoperDesign V2\[1] PowerSupply.SchDoc with RC0805JR-071K5L from Minh_Lib.SchLib
Replace Part R2.1 RC0603JR-07220RL in D:\Drone\Drone\Hardware\QuadcoperDesign V2\[1] PowerSupply.SchDoc with RC0603JR-07220RL from Minh_Lib.SchLib
Replace Part RL1.1 RELAY - JQ1P-5V-F in D:\Drone\Drone\Hardware\QuadcoperDesign V2\[1] PowerSupply.SchDoc with RELAY - JQ1P-5V-F from Minh_Lib.SchLib
Replace Part S1.1 434121043816 in D:\Drone\Drone\Hardware\QuadcoperDesign V2\[1] PowerSupply.SchDoc with 434121043816 from Minh_Lib.SchLib
Replace Part T1.1 3296W-1-504LF in D:\Drone\Drone\Hardware\QuadcoperDesign V2\[1] PowerSupply.SchDoc with 3296W-1-504LF from Minh_Lib.SchLib
Replace Part U1.1 LM2596S-ADJ/NOPB in D:\Drone\Drone\Hardware\QuadcoperDesign V2\[1] PowerSupply.SchDoc with LM2596S-ADJ/NOPB from Minh_Lib.SchLib
