Replace Part B1.2 Buzzer 9050 - DIP in D:\Drone\Drone\Hardware\QuadcoperDesign V2\[2] MicroController.SchDoc with Buzzer 9050 - DIP from Minh_Lib.SchLib
Replace Part C1.2 CC0603KRX7R9BB104 in D:\Drone\Drone\Hardware\QuadcoperDesign V2\[2] MicroController.SchDoc with CC0603KRX7R9BB104 from Minh_Lib.SchLib
Replace Part C2.2 CC0603KRX7R9BB104 in D:\Drone\Drone\Hardware\QuadcoperDesign V2\[2] MicroController.SchDoc with CC0603KRX7R9BB104 from Minh_Lib.SchLib
Replace Part C3.2 CC0603JRNPO9BN220 in D:\Drone\Drone\Hardware\QuadcoperDesign V2\[2] MicroController.SchDoc with CC0603JRNPO9BN220 from Minh_Lib.SchLib
Replace Part C4.2 CC0603JRNPO9BN220 in D:\Drone\Drone\Hardware\QuadcoperDesign V2\[2] MicroController.SchDoc with CC0603JRNPO9BN220 from Minh_Lib.SchLib
Replace Part C5.2 CC0603KRX7R6BB225 in D:\Drone\Drone\Hardware\QuadcoperDesign V2\[2] MicroController.SchDoc with CC0603KRX7R6BB225 from Minh_Lib.SchLib
Replace Part C6.2 CC0603KRX7R9BB104 in D:\Drone\Drone\Hardware\QuadcoperDesign V2\[2] MicroController.SchDoc with CC0603KRX7R9BB104 from Minh_Lib.SchLib
Replace Part C7.2 CC0603KRX7R9BB104 in D:\Drone\Drone\Hardware\QuadcoperDesign V2\[2] MicroController.SchDoc with CC0603KRX7R9BB104 from Minh_Lib.SchLib
Replace Part C8.2 CC0603KRX7R9BB104 in D:\Drone\Drone\Hardware\QuadcoperDesign V2\[2] MicroController.SchDoc with CC0603KRX7R9BB104 from Minh_Lib.SchLib
Replace Part C9.2 CC0603KRX7R9BB104 in D:\Drone\Drone\Hardware\QuadcoperDesign V2\[2] MicroController.SchDoc with CC0603KRX7R9BB104 from Minh_Lib.SchLib
Replace Part C10.2 CC0603KRX7R9BB104 in D:\Drone\Drone\Hardware\QuadcoperDesign V2\[2] MicroController.SchDoc with CC0603KRX7R9BB104 from Minh_Lib.SchLib
Replace Part C11.2 CC0603KRX7R9BB104 in D:\Drone\Drone\Hardware\QuadcoperDesign V2\[2] MicroController.SchDoc with CC0603KRX7R9BB104 from Minh_Lib.SchLib
Replace Part C12.2 CC0603KRX5R6BB106 in D:\Drone\Drone\Hardware\QuadcoperDesign V2\[2] MicroController.SchDoc with CC0603KRX5R6BB106 from Minh_Lib.SchLib
Replace Part C13.2 CC0603KRX7R6BB225 in D:\Drone\Drone\Hardware\QuadcoperDesign V2\[2] MicroController.SchDoc with CC0603KRX7R6BB225 from Minh_Lib.SchLib
Replace Part D1.2 LED0805-RED in D:\Drone\Drone\Hardware\QuadcoperDesign V2\[2] MicroController.SchDoc with LED0805-RED from Minh_Lib.SchLib
Replace Part D2.2 LED0805-BLUE in D:\Drone\Drone\Hardware\QuadcoperDesign V2\[2] MicroController.SchDoc with LED0805-BLUE from Minh_Lib.SchLib
Replace Part P1.2 SCT1501WR-S-03PT in D:\Drone\Drone\Hardware\QuadcoperDesign V2\[2] MicroController.SchDoc with SCT1501WR-S-03PT from Minh_Lib.SchLib
Replace Part P2.2 SCT1501WR-S-03PT in D:\Drone\Drone\Hardware\QuadcoperDesign V2\[2] MicroController.SchDoc with SCT1501WR-S-03PT from Minh_Lib.SchLib
Replace Part P3.2 HDR1x3_2.54_MALE in D:\Drone\Drone\Hardware\QuadcoperDesign V2\[2] MicroController.SchDoc with HDR1x3_2.54_MALE from Minh_Lib.SchLib
Replace Part P4.2 HDR1x3_2.54_MALE in D:\Drone\Drone\Hardware\QuadcoperDesign V2\[2] MicroController.SchDoc with HDR1x3_2.54_MALE from Minh_Lib.SchLib
Replace Part P5.2 HDR1x3_2.54_MALE in D:\Drone\Drone\Hardware\QuadcoperDesign V2\[2] MicroController.SchDoc with HDR1x3_2.54_MALE from Minh_Lib.SchLib
Replace Part P6.2 HDR1x2_2.54_MALE in D:\Drone\Drone\Hardware\QuadcoperDesign V2\[2] MicroController.SchDoc with HDR1x2_2.54_MALE from Minh_Lib.SchLib
Replace Part P7.2 HDR1x2_2.54_MALE in D:\Drone\Drone\Hardware\QuadcoperDesign V2\[2] MicroController.SchDoc with HDR1x2_2.54_MALE from Minh_Lib.SchLib
Replace Part Q1.2 MMBT3904-7-F / 1AM in D:\Drone\Drone\Hardware\QuadcoperDesign V2\[2] MicroController.SchDoc with MMBT3904-7-F / 1AM from Minh_Lib.SchLib
Replace Part R1.2 RC0603FR-0710KL in D:\Drone\Drone\Hardware\QuadcoperDesign V2\[2] MicroController.SchDoc with RC0603FR-0710KL from Minh_Lib.SchLib
Replace Part R2.2 RC0603FR-0710KL in D:\Drone\Drone\Hardware\QuadcoperDesign V2\[2] MicroController.SchDoc with RC0603FR-0710KL from Minh_Lib.SchLib
Replace Part R3.2 RC0603JR-0715KL in D:\Drone\Drone\Hardware\QuadcoperDesign V2\[2] MicroController.SchDoc with RC0603JR-0715KL from Minh_Lib.SchLib
Replace Part R4.2 RC0603FR-0710KL in D:\Drone\Drone\Hardware\QuadcoperDesign V2\[2] MicroController.SchDoc with RC0603FR-0710KL from Minh_Lib.SchLib
Replace Part R5.2 RC0603FR-0710KL in D:\Drone\Drone\Hardware\QuadcoperDesign V2\[2] MicroController.SchDoc with RC0603FR-0710KL from Minh_Lib.SchLib
Replace Part R6.2 RC0603JR-071ML in D:\Drone\Drone\Hardware\QuadcoperDesign V2\[2] MicroController.SchDoc with RC0603JR-071ML from Minh_Lib.SchLib
Replace Part R7.2 RC0603JR-071KL in D:\Drone\Drone\Hardware\QuadcoperDesign V2\[2] MicroController.SchDoc with RC0603JR-071KL from Minh_Lib.SchLib
Replace Part R8.2 RC0603JR-071KL in D:\Drone\Drone\Hardware\QuadcoperDesign V2\[2] MicroController.SchDoc with RC0603JR-071KL from Minh_Lib.SchLib
Replace Part S1.2 434121043816 in D:\Drone\Drone\Hardware\QuadcoperDesign V2\[2] MicroController.SchDoc with 434121043816 from Minh_Lib.SchLib
Replace Part S2.2 434121043816 in D:\Drone\Drone\Hardware\QuadcoperDesign V2\[2] MicroController.SchDoc with 434121043816 from Minh_Lib.SchLib
Replace Part U1.2 STM32F405RGT6 in D:\Drone\Drone\Hardware\QuadcoperDesign V2\[2] MicroController.SchDoc with STM32F405RGT6 from Minh_Lib.SchLib
Replace Part Y1.2 Crystals - HC49SSDLF-8.00MHz in D:\Drone\Drone\Hardware\QuadcoperDesign V2\[2] MicroController.SchDoc with Crystals - HC49SSDLF-8.00MHz from Minh_Lib.SchLib
