Replace Part C1.3 CC0603KRX7R9BB104 in D:\Drone\Drone\Hardware\QuadcoperDesign V2\[3] Sensor.SchDoc with CC0603KRX7R9BB104 from Minh_Lib.SchLib
Replace Part C2.3 CC0603KRX7R7BB105 in D:\Drone\Drone\Hardware\QuadcoperDesign V2\[3] Sensor.SchDoc with CC0603KRX7R7BB105 from Minh_Lib.SchLib
Replace Part C3.3 CC0603KRX7R7BB105 in D:\Drone\Drone\Hardware\QuadcoperDesign V2\[3] Sensor.SchDoc with CC0603KRX7R7BB105 from Minh_Lib.SchLib
Replace Part C4.3 CC0603KRX7R9BB222 in D:\Drone\Drone\Hardware\QuadcoperDesign V2\[3] Sensor.SchDoc with CC0603KRX7R9BB222 from Minh_Lib.SchLib
Replace Part D1.3 1N4148 in D:\Drone\Drone\Hardware\QuadcoperDesign V2\[3] Sensor.SchDoc with 1N4148 from Minh_Lib.SchLib
Replace Part IC1.3 AT24C256WI-G in D:\Drone\Drone\Hardware\QuadcoperDesign V2\[3] Sensor.SchDoc with AT24C256WI-G from Minh_Lib.SchLib
Replace Part IC2.3 RT9193-33GB in D:\Drone\Drone\Hardware\QuadcoperDesign V2\[3] Sensor.SchDoc with RT9193-33GB from Minh_Lib.SchLib
Replace Part M1.3 GY9250 in D:\Drone\Drone\Hardware\QuadcoperDesign V2\[3] Sensor.SchDoc with GY9250 from Minh_Lib.SchLib
Replace Part P1.3 HDR1x2_2.54_MALE in D:\Drone\Drone\Hardware\QuadcoperDesign V2\[3] Sensor.SchDoc with HDR1x2_2.54_MALE from Minh_Lib.SchLib
Replace Part P2.3 SCT1501WR-S-04PT in D:\Drone\Drone\Hardware\QuadcoperDesign V2\[3] Sensor.SchDoc with SCT1501WR-S-04PT from Minh_Lib.SchLib
Replace Part P3.3 SCT1501WR-S-02PT in D:\Drone\Drone\Hardware\QuadcoperDesign V2\[3] Sensor.SchDoc with SCT1501WR-S-02PT from Minh_Lib.SchLib
Replace Part P4.3 SCT1501WR-S-02PT in D:\Drone\Drone\Hardware\QuadcoperDesign V2\[3] Sensor.SchDoc with SCT1501WR-S-02PT from Minh_Lib.SchLib
Replace Part P5.3 SCT1501WR-S-02PT in D:\Drone\Drone\Hardware\QuadcoperDesign V2\[3] Sensor.SchDoc with SCT1501WR-S-02PT from Minh_Lib.SchLib
Replace Part P6.3 SCT1501WR-S-04PT in D:\Drone\Drone\Hardware\QuadcoperDesign V2\[3] Sensor.SchDoc with SCT1501WR-S-04PT from Minh_Lib.SchLib
Replace Part R1.3 RC0603JR-074K7L in D:\Drone\Drone\Hardware\QuadcoperDesign V2\[3] Sensor.SchDoc with RC0603JR-074K7L from Minh_Lib.SchLib
Replace Part R2.3 RC0603JR-074K7L in D:\Drone\Drone\Hardware\QuadcoperDesign V2\[3] Sensor.SchDoc with RC0603JR-074K7L from Minh_Lib.SchLib
Replace Part R3.3 RC0603JR-074K7L in D:\Drone\Drone\Hardware\QuadcoperDesign V2\[3] Sensor.SchDoc with RC0603JR-074K7L from Minh_Lib.SchLib
Replace Part R4.3 RC0603JR-074K7L in D:\Drone\Drone\Hardware\QuadcoperDesign V2\[3] Sensor.SchDoc with RC0603JR-074K7L from Minh_Lib.SchLib
Replace Part R5.3 RC0805JR-070RP in D:\Drone\Drone\Hardware\QuadcoperDesign V2\[3] Sensor.SchDoc with RC0805JR-070RP from Minh_Lib.SchLib
Replace Part R6.3 RC0805JR-070RP in D:\Drone\Drone\Hardware\QuadcoperDesign V2\[3] Sensor.SchDoc with RC0805JR-070RP from Minh_Lib.SchLib
Replace Part R7.3 RC0603JR-07220RL in D:\Drone\Drone\Hardware\QuadcoperDesign V2\[3] Sensor.SchDoc with RC0603JR-07220RL from Minh_Lib.SchLib
Replace Part R8.3 RC0603JR-074K7L in D:\Drone\Drone\Hardware\QuadcoperDesign V2\[3] Sensor.SchDoc with RC0603JR-074K7L from Minh_Lib.SchLib
Replace Part R9.3 RC0603JR-074K7L in D:\Drone\Drone\Hardware\QuadcoperDesign V2\[3] Sensor.SchDoc with RC0603JR-074K7L from Minh_Lib.SchLib
Replace Part R10.3 RC0603JR-07100KL in D:\Drone\Drone\Hardware\QuadcoperDesign V2\[3] Sensor.SchDoc with RC0603JR-07100KL from Minh_Lib.SchLib
Replace Part S1.3 416131160804 in D:\Drone\Drone\Hardware\QuadcoperDesign V2\[3] Sensor.SchDoc with 416131160804 from Minh_Lib.SchLib
Replace Part U1.3 BME680 in D:\Drone\Drone\Hardware\QuadcoperDesign V2\[3] Sensor.SchDoc with BME680 from Minh_Lib.SchLib
Replace Part U2.3 Adafruit BNO055 in D:\Drone\Drone\Hardware\QuadcoperDesign V2\[3] Sensor.SchDoc with Adafruit BNO055 from Minh_Lib.SchLib
Replace Part U3.3 DS3231SN# in D:\Drone\Drone\Hardware\QuadcoperDesign V2\[3] Sensor.SchDoc with DS3231SN# from Minh_Lib.SchLib
Replace Part U4.3 74HC14D,652 in D:\Drone\Drone\Hardware\QuadcoperDesign V2\[3] Sensor.SchDoc with 74HC14D,652 from Minh_Lib.SchLib
Replace Part U? Adafruit BNO055 in D:\Drone\Drone\Hardware\QuadcoperDesign V2\[3] Sensor.SchDoc with Adafruit BNO055 from Minh_Lib.SchLib
