Replace Part C? C0805C106K4PACTU in H:\Drone\Drone\Hardware\QuadcoperDesign\[1] PowerSupply.SchDoc with C0805C106K4PACTU from Minh_Lib.SchLib
Replace Part C? C0805C106K4PACTU in H:\Drone\Drone\Hardware\QuadcoperDesign\[1] PowerSupply.SchDoc with C0805C106K4PACTU from Minh_Lib.SchLib
Replace Part C? C0805C106K4PACTU in H:\Drone\Drone\Hardware\QuadcoperDesign\[1] PowerSupply.SchDoc with C0805C106K4PACTU from Minh_Lib.SchLib
Replace Part C? C0805C106K4PACTU in H:\Drone\Drone\Hardware\QuadcoperDesign\[1] PowerSupply.SchDoc with C0805C106K4PACTU from Minh_Lib.SchLib
Replace Part C? C0805C106K4PACTU in H:\Drone\Drone\Hardware\QuadcoperDesign\[1] PowerSupply.SchDoc with C0805C106K4PACTU from Minh_Lib.SchLib
Replace Part C? C0805C104K5RACTU in H:\Drone\Drone\Hardware\QuadcoperDesign\[1] PowerSupply.SchDoc with C0805C104K5RACTU from Minh_Lib.SchLib
Replace Part C? C0805C104K5RACTU in H:\Drone\Drone\Hardware\QuadcoperDesign\[1] PowerSupply.SchDoc with C0805C104K5RACTU from Minh_Lib.SchLib
Replace Part C? C0805C106K4PACTU in H:\Drone\Drone\Hardware\QuadcoperDesign\[1] PowerSupply.SchDoc with C0805C106K4PACTU from Minh_Lib.SchLib
Replace Part C? C0805C106K4PACTU in H:\Drone\Drone\Hardware\QuadcoperDesign\[1] PowerSupply.SchDoc with C0805C106K4PACTU from Minh_Lib.SchLib
Replace Part C? TAJA106K010RNJ in H:\Drone\Drone\Hardware\QuadcoperDesign\[1] PowerSupply.SchDoc with TAJA106K010RNJ from Minh_Lib.SchLib
Replace Part C? C0805C106K4PACTU in H:\Drone\Drone\Hardware\QuadcoperDesign\[1] PowerSupply.SchDoc with C0805C106K4PACTU from Minh_Lib.SchLib
Replace Part C? C0805C106K4PACTU in H:\Drone\Drone\Hardware\QuadcoperDesign\[1] PowerSupply.SchDoc with C0805C106K4PACTU from Minh_Lib.SchLib
Replace Part C? CC0805KRX5R7BB105 in H:\Drone\Drone\Hardware\QuadcoperDesign\[1] PowerSupply.SchDoc with CC0805KRX5R7BB105 from Minh_Lib.SchLib
Replace Part C? CC0603KRX7R7BB105 in H:\Drone\Drone\Hardware\QuadcoperDesign\[1] PowerSupply.SchDoc with CC0603KRX7R7BB105 from Minh_Lib.SchLib
Replace Part D? SS34 in H:\Drone\Drone\Hardware\QuadcoperDesign\[1] PowerSupply.SchDoc with SS34 from Minh_Lib.SchLib
Replace Part D? LED0805-RED in H:\Drone\Drone\Hardware\QuadcoperDesign\[1] PowerSupply.SchDoc with LED0805-RED from Minh_Lib.SchLib
Replace Part D? SS14R3 in H:\Drone\Drone\Hardware\QuadcoperDesign\[1] PowerSupply.SchDoc with SS14R3 from Minh_Lib.SchLib
Replace Part D? SS14R3 in H:\Drone\Drone\Hardware\QuadcoperDesign\[1] PowerSupply.SchDoc with SS14R3 from Minh_Lib.SchLib
Replace Part EEE? EEE-1EA101XP in H:\Drone\Drone\Hardware\QuadcoperDesign\[1] PowerSupply.SchDoc with EEE-1EA101XP from Minh_Lib.SchLib
Replace Part EEE? EEE-1EA101XP in H:\Drone\Drone\Hardware\QuadcoperDesign\[1] PowerSupply.SchDoc with EEE-1EA101XP from Minh_Lib.SchLib
Replace Part F? FUSES-SMD1812 in H:\Drone\Drone\Hardware\QuadcoperDesign\[1] PowerSupply.SchDoc with FUSES-SMD1812 from Minh_Lib.SchLib
Replace Part H? CDRH104NP-680MC in H:\Drone\Drone\Hardware\QuadcoperDesign\[1] PowerSupply.SchDoc with CDRH104NP-680MC from Minh_Lib.SchLib
Replace Part IC? AMS1117 - 3V3 in H:\Drone\Drone\Hardware\QuadcoperDesign\[1] PowerSupply.SchDoc with AMS1117 - 3V3 from Minh_Lib.SchLib
Replace Part IC? AMS1117 - 3V3 in H:\Drone\Drone\Hardware\QuadcoperDesign\[1] PowerSupply.SchDoc with AMS1117 - 3V3 from Minh_Lib.SchLib
Replace Part IC? AMS1117 - 3V3 in H:\Drone\Drone\Hardware\QuadcoperDesign\[1] PowerSupply.SchDoc with AMS1117 - 3V3 from Minh_Lib.SchLib
Replace Part IC? LM358DR in H:\Drone\Drone\Hardware\QuadcoperDesign\[1] PowerSupply.SchDoc with LM358DR from Minh_Lib.SchLib
Replace Part IC? AMS1117 - 5V in H:\Drone\Drone\Hardware\QuadcoperDesign\[1] PowerSupply.SchDoc with AMS1117 - 5V from Minh_Lib.SchLib
Replace Part P? Domino 15EDG-3.81-02P in H:\Drone\Drone\Hardware\QuadcoperDesign\[1] PowerSupply.SchDoc with Domino 15EDG-3.81-02P from Minh_Lib.SchLib
Replace Part P? HDR1x2_2.54_MALE in H:\Drone\Drone\Hardware\QuadcoperDesign\[1] PowerSupply.SchDoc with HDR1x2_2.54_MALE from Minh_Lib.SchLib
Replace Part P? Domino 15EDG-3.81-02P in H:\Drone\Drone\Hardware\QuadcoperDesign\[1] PowerSupply.SchDoc with Domino 15EDG-3.81-02P from Minh_Lib.SchLib
Replace Part Q? MMSS8550-H-TP in H:\Drone\Drone\Hardware\QuadcoperDesign\[1] PowerSupply.SchDoc with MMSS8550-H-TP from Minh_Lib.SchLib
Replace Part R? RC0805JR-071K5L in H:\Drone\Drone\Hardware\QuadcoperDesign\[1] PowerSupply.SchDoc with RC0805JR-071K5L from Minh_Lib.SchLib
Replace Part R? RC0603JR-07220RL in H:\Drone\Drone\Hardware\QuadcoperDesign\[1] PowerSupply.SchDoc with RC0603JR-07220RL from Minh_Lib.SchLib
Replace Part RL? RELAY - JQ1P-5V-F in H:\Drone\Drone\Hardware\QuadcoperDesign\[1] PowerSupply.SchDoc with RELAY - JQ1P-5V-F from Minh_Lib.SchLib
Replace Part S? 434121043816 in H:\Drone\Drone\Hardware\QuadcoperDesign\[1] PowerSupply.SchDoc with 434121043816 from Minh_Lib.SchLib
Replace Part T? 3296W-1-504LF in H:\Drone\Drone\Hardware\QuadcoperDesign\[1] PowerSupply.SchDoc with 3296W-1-504LF from Minh_Lib.SchLib
Replace Part U? LM2596S-ADJ/NOPB in H:\Drone\Drone\Hardware\QuadcoperDesign\[1] PowerSupply.SchDoc with LM2596S-ADJ/NOPB from Minh_Lib.SchLib
