Change Component Designator: Old Designator=B? New Designator=B1.2
Change Component Designator: Old Designator=C? New Designator=C1.2
Change Component Designator: Old Designator=C? New Designator=C2.2
Change Component Designator: Old Designator=C? New Designator=C3.2
Change Component Designator: Old Designator=C? New Designator=C4.2
Change Component Designator: Old Designator=C? New Designator=C5.2
Change Component Designator: Old Designator=C? New Designator=C6.2
Change Component Designator: Old Designator=C? New Designator=C7.2
Change Component Designator: Old Designator=C? New Designator=C8.2
Change Component Designator: Old Designator=C? New Designator=C9.2
Change Component Designator: Old Designator=C? New Designator=C10.2
Change Component Designator: Old Designator=C? New Designator=C11.2
Change Component Designator: Old Designator=C? New Designator=C12.2
Change Component Designator: Old Designator=C? New Designator=C13.2
Change Component Designator: Old Designator=D? New Designator=D1.2
Change Component Designator: Old Designator=D? New Designator=D2.2
Change Component Designator: Old Designator=P? New Designator=P1.2
Change Component Designator: Old Designator=P? New Designator=P2.2
Change Component Designator: Old Designator=P? New Designator=P3.2
Change Component Designator: Old Designator=P? New Designator=P4.2
Change Component Designator: Old Designator=Q? New Designator=Q1.2
Change Component Designator: Old Designator=R? New Designator=R1.2
Change Component Designator: Old Designator=R? New Designator=R2.2
Change Component Designator: Old Designator=R? New Designator=R3.2
Change Component Designator: Old Designator=R? New Designator=R4.2
Change Component Designator: Old Designator=R? New Designator=R5.2
Change Component Designator: Old Designator=R? New Designator=R6.2
Change Component Designator: Old Designator=R? New Designator=R7.2
Change Component Designator: Old Designator=R? New Designator=R8.2
Change Component Designator: Old Designator=S? New Designator=S1.2
Change Component Designator: Old Designator=S? New Designator=S2.2
Change Component Designator: Old Designator=U? New Designator=U1.2
Change Component Designator: Old Designator=Y? New Designator=Y1.2
