Added Component: Designator=P8.7(Connector ZH1.5 2P SMD)
Added Component: Designator=P9.7(Connector ZH1.5 2P SMD)
Added Component: Designator=P10.7(Connector ZH1.5 2P SMD)
Added Pin To Net: NetName=GND Pin=P8.7-2
Added Pin To Net: NetName=GND Pin=P8.7-3
Added Pin To Net: NetName=GND Pin=P8.7-3
Added Pin To Net: NetName=GND Pin=P9.7-2
Added Pin To Net: NetName=GND Pin=P9.7-3
Added Pin To Net: NetName=GND Pin=P9.7-3
Added Pin To Net: NetName=GND Pin=P10.7-2
Added Pin To Net: NetName=GND Pin=P10.7-3
Added Pin To Net: NetName=GND Pin=P10.7-3
Change Net Name : Old Net Name=UBEC_5V New Net Name=UBEC1_5V
Added Pin To Net: NetName=UBEC2_5V Pin=P5.7-1
Added Pin To Net: NetName=UBEC2_5V Pin=P8.7-1
Added Net: Name=UBEC2_5V
Added Pin To Net: NetName=UBEC3_5V Pin=P6.7-1
Added Pin To Net: NetName=UBEC3_5V Pin=P9.7-1
Added Net: Name=UBEC3_5V
Added Pin To Net: NetName=UBEC4_5V Pin=P7.7-1
Added Pin To Net: NetName=UBEC4_5V Pin=P10.7-1
Added Net: Name=UBEC4_5V
Added Member To Class: ClassName=[7] Motor_Control Member=Component P8.7 SCT1501WR-S-02PT
Added Member To Class: ClassName=[7] Motor_Control Member=Component P9.7 SCT1501WR-S-02PT
Added Member To Class: ClassName=[7] Motor_Control Member=Component P10.7 SCT1501WR-S-02PT
