Removed Pin From Net: NetName=PWM_MOTOR1 Pin=P2.7-1
Removed Pin From Net: NetName=PWM_MOTOR2 Pin=P2.7-2
Removed Pin From Net: NetName=PWM_MOTOR3 Pin=P2.7-3
Removed Pin From Net: NetName=PWM_MOTOR4 Pin=P2.7-4
Removed Pin From Net: NetName=GND Pin=P2.7-5
Removed Pin From Net: NetName=GND Pin=P2.7-5
Removed Member From Class: ClassName=[7] Motor_Control Member=P2.7
Added Component: Designator=P?(Connector ZH1.5 3P SMD)
Added Component: Designator=P?(Connector ZH1.5 3P SMD)
Added Component: Designator=P?(Connector ZH1.5 3P SMD)
Added Component: Designator=P?(Connector ZH1.5 3P SMD)
Added Component: Designator=P?(Connector ZH1.5 2P SMD)
Added Pin To Net: NetName=GND Pin=P?-2
Added Pin To Net: NetName=PWM_MOTOR1 Pin=P?-2
Added Pin To Net: NetName=PWM_MOTOR2 Pin=P?-2
Added Pin To Net: NetName=PWM_MOTOR3 Pin=P?-2
Added Pin To Net: NetName=PWM_MOTOR4 Pin=P?-2
Added Pin To Net: NetName=GND Pin=P?-3
Added Pin To Net: NetName=GND Pin=P?-3
Added Pin To Net: NetName=GND Pin=P?-3
Added Pin To Net: NetName=GND Pin=P?-3
Added Pin To Net: NetName=GND Pin=P?-3
Added Pin To Net: NetName=GND Pin=P?-3
Added Pin To Net: NetName=GND Pin=P?-4
Added Pin To Net: NetName=GND Pin=P?-4
Added Pin To Net: NetName=GND Pin=P?-4
Added Pin To Net: NetName=GND Pin=P?-4
Added Pin To Net: NetName=GND Pin=P?-4
Added Pin To Net: NetName=GND Pin=P?-4
Added Pin To Net: NetName=GND Pin=P?-4
Added Pin To Net: NetName=GND Pin=P?-4
Added Pin To Net: NetName=UBEC_5V Pin=P?-1
Added Pin To Net: NetName=UBEC_5V Pin=P?-1
Added Net: Name=UBEC_5V
Added Member To Class: ClassName=[6] Radio Frequency Member=Component C2.6 1uF
Added Member To Class: ClassName=[6] Radio Frequency Member=Component C3.6 1uF
Added Member To Class: ClassName=[7] Motor_Control Member=Component P? SCT1501WR-S-03PT
Added Member To Class: ClassName=[7] Motor_Control Member=Component P? SCT1501WR-S-03PT
Added Member To Class: ClassName=[7] Motor_Control Member=Component P? SCT1501WR-S-03PT
Added Member To Class: ClassName=[7] Motor_Control Member=Component P? SCT1501WR-S-03PT
Added Member To Class: ClassName=[7] Motor_Control Member=Component P? SCT1501WR-S-02PT
Added Member To Class: ClassName=[6] Radio Frequency Member=Component Q1.6 MMBT3904-7-F / 1AM
Added Member To Class: ClassName=[6] Radio Frequency Member=Component R1.6 100K
Added Member To Class: ClassName=[6] Radio Frequency Member=Component R2.6 15K-0603
Added Member To Class: ClassName=[6] Radio Frequency Member=Component RF1.6 SX1276IMLTRT
