Added Component: Designator=D1.6(LED0805-YELLOW)
Added Component: Designator=P5.2(HDR1x3_2.54_MALE)
Added Component: Designator=R3.6(RES0603 - 3D)
Add component (AddParameter): Name = "Category 1"; Value = "Resistors"; VariantName = "[No Variations]"
Add component (AddParameter): Name = "ComponentLink1Description"; Value = "http://www.yageo.com/documents/recent/PYu-RC_Group_51_RoHS_L_7.pdf"; VariantName = "[No Variations]"
Add component (AddParameter): Name = "ComponentLink1URL"; Value = "http://www.yageo.com/documents/recent/PYu-RC_Group_51_RoHS_L_7.pdf"; VariantName = "[No Variations]"
Add component (AddParameter): Name = "Composition"; Value = "Thick Film"; VariantName = "[No Variations]"
Add component (AddParameter): Name = "Description 1"; Value = "RES SMD 1K OHM 5% 1/10W 0603"; VariantName = "[No Variations]"
Add component (AddParameter): Name = "Failure Rate"; Value = "-"; VariantName = "[No Variations]"
Add component (AddParameter): Name = "Features"; Value = "Moisture Resistant"; VariantName = "[No Variations]"
Add component (AddParameter): Name = "Height - Seated (Max)"; Value = "0.022" (0.55mm)"; VariantName = "[No Variations]"
Add component (AddParameter): Name = "Manufacturer 1"; Value = "Yageo"; VariantName = "[No Variations]"
Add component (AddParameter): Name = "Manufacturer Part Number 1"; Value = "RC0603JR-071KL"; VariantName = "[No Variations]"
Add component (AddParameter): Name = "Operating Temperature"; Value = "-55°C ~ 155°C"; VariantName = "[No Variations]"
Add component (AddParameter): Name = "Package / Case"; Value = "0603 (1608 Metric)"; VariantName = "[No Variations]"
Add component (AddParameter): Name = "Packaging"; Value = "Cut Tape (CT)"; VariantName = "[No Variations]"
Add component (AddParameter): Name = "Part Status"; Value = "Active"; VariantName = "[No Variations]"
Add component (AddParameter): Name = "Power (Watts)"; Value = "0.1W, 1/10W"; VariantName = "[No Variations]"
Add component (AddParameter): Name = "Pricing 1"; Value = "1=0.1, 10=0.011, 100=0.0044, 1000=0.00198, 2500=0.00172 (USD)"; VariantName = "[No Variations]"
Add component (AddParameter): Name = "Resistance (Ohms)"; Value = "1k"; VariantName = "[No Variations]"
Add component (AddParameter): Name = "RoHS 1"; Value = "RoHS Compliant"; VariantName = "[No Variations]"
Add component (AddParameter): Name = "Size / Dimension"; Value = "0.063" L x 0.031" W (1.60mm x 0.80mm)"; VariantName = "[No Variations]"
Add component (AddParameter): Name = "Stock 1"; Value = "2853955"; VariantName = "[No Variations]"
Add component (AddParameter): Name = "Supplier 1"; Value = "Digi-Key"; VariantName = "[No Variations]"
Add component (AddParameter): Name = "Supplier Device Package"; Value = "0603"; VariantName = "[No Variations]"
Add component (AddParameter): Name = "Supplier Part Number 1"; Value = "311-1.0KGRCT-ND"; VariantName = "[No Variations]"
Add component (AddParameter): Name = "Temperature Coefficient"; Value = "±100ppm/°C"; VariantName = "[No Variations]"
Add component (AddParameter): Name = "Tolerance"; Value = "±5%"; VariantName = "[No Variations]"
Add component (AddParameter): Name = "Value"; Value = "1K"; VariantName = "[No Variations]"
Added Pin To Net: NetName=GND Pin=D1.6-1
Added Pin To Net: NetName=3V3_RF Pin=R3.6-1
Added Pin To Net: NetName=NetD1.6_2 Pin=D1.6-2
Added Pin To Net: NetName=NetD1.6_2 Pin=R3.6-2
Added Net: Name=NetD1.6_2
Added Pin To Net: NetName=NetP5.2_1 Pin=P5.2-1
Added Pin To Net: NetName=NetP5.2_1 Pin=U1.2-9
Added Net: Name=NetP5.2_1
Added Pin To Net: NetName=NetP5.2_2 Pin=P5.2-2
Added Pin To Net: NetName=NetP5.2_2 Pin=U1.2-10
Added Net: Name=NetP5.2_2
Added Pin To Net: NetName=NetP5.2_3 Pin=P5.2-3
Added Pin To Net: NetName=NetP5.2_3 Pin=U1.2-11
Added Net: Name=NetP5.2_3
Added Member To Class: ClassName=[6] Radio Frequency Member=Component D1.6 LED0805-YELLOW
Added Member To Class: ClassName=[2] MicroController Member=Component P5.2 Header1x3_Male
Added Member To Class: ClassName=[6] Radio Frequency Member=Component R3.6 1K-0603
