Change Component Designator: Old Designator=C? New Designator=C1.1
Change Component Designator: Old Designator=C? New Designator=C2.1
Change Component Designator: Old Designator=C? New Designator=C3.1
Change Component Designator: Old Designator=C? New Designator=C4.1
Change Component Designator: Old Designator=C? New Designator=C5.1
Change Component Designator: Old Designator=C? New Designator=C6.1
Change Component Designator: Old Designator=C? New Designator=C7.1
Change Component Designator: Old Designator=C? New Designator=C8.1
Change Component Designator: Old Designator=C? New Designator=C9.1
Change Component Designator: Old Designator=C? New Designator=C10.1
Change Component Designator: Old Designator=C? New Designator=C11.1
Change Component Designator: Old Designator=C? New Designator=C12.1
Change Component Designator: Old Designator=C? New Designator=C13.1
Change Component Designator: Old Designator=C? New Designator=C14.1
Change Component Designator: Old Designator=D? New Designator=D1.1
Change Component Designator: Old Designator=D? New Designator=D2.1
Change Component Designator: Old Designator=D? New Designator=D3.1
Change Component Designator: Old Designator=D? New Designator=D4.1
Change Component Designator: Old Designator=EEE? New Designator=EEE1.1
Change Component Designator: Old Designator=EEE? New Designator=EEE2.1
Change Component Designator: Old Designator=F? New Designator=F1.1
Change Component Designator: Old Designator=H? New Designator=H1.1
Change Component Designator: Old Designator=IC? New Designator=IC1.1
Change Component Designator: Old Designator=IC? New Designator=IC2.1
Change Component Designator: Old Designator=IC? New Designator=IC3.1
Change Component Designator: Old Designator=IC? New Designator=IC4.1
Change Component Designator: Old Designator=IC? New Designator=IC5.1
Change Component Designator: Old Designator=P? New Designator=P1.1
Change Component Designator: Old Designator=P? New Designator=P2.1
Change Component Designator: Old Designator=P? New Designator=P3.1
Change Component Designator: Old Designator=Q? New Designator=Q1.1
Change Component Designator: Old Designator=R? New Designator=R1.1
Change Component Designator: Old Designator=R? New Designator=R2.1
Change Component Designator: Old Designator=RL? New Designator=RL1.1
Change Component Designator: Old Designator=S? New Designator=S1.1
Change Component Designator: Old Designator=T? New Designator=T1.1
Change Component Designator: Old Designator=U? New Designator=U1.1
