Replace Part B? Buzzer 8050 - DIP in H:\Drone\Drone\Hardware\QuadcoperDesign\[2] MicroController.SchDoc with Buzzer 8050 - DIP from Minh_Lib.SchLib
Replace Part C? CC0805KKX7R9BB225 in H:\Drone\Drone\Hardware\QuadcoperDesign\[2] MicroController.SchDoc with CC0805KKX7R9BB225 from Minh_Lib.SchLib
Replace Part C? CC0805KKX7R9BB225 in H:\Drone\Drone\Hardware\QuadcoperDesign\[2] MicroController.SchDoc with CC0805KKX7R9BB225 from Minh_Lib.SchLib
Replace Part C? CC0603KRX7R9BB104 in H:\Drone\Drone\Hardware\QuadcoperDesign\[2] MicroController.SchDoc with CC0603KRX7R9BB104 from Minh_Lib.SchLib
Replace Part C? CC0603KRX7R9BB104 in H:\Drone\Drone\Hardware\QuadcoperDesign\[2] MicroController.SchDoc with CC0603KRX7R9BB104 from Minh_Lib.SchLib
Replace Part C? CC0603KRX7R9BB104 in H:\Drone\Drone\Hardware\QuadcoperDesign\[2] MicroController.SchDoc with CC0603KRX7R9BB104 from Minh_Lib.SchLib
Replace Part C? CC0603KRX7R9BB104 in H:\Drone\Drone\Hardware\QuadcoperDesign\[2] MicroController.SchDoc with CC0603KRX7R9BB104 from Minh_Lib.SchLib
Replace Part C? CC0603KRX7R9BB104 in H:\Drone\Drone\Hardware\QuadcoperDesign\[2] MicroController.SchDoc with CC0603KRX7R9BB104 from Minh_Lib.SchLib
Replace Part C? CC0603KRX7R9BB104 in H:\Drone\Drone\Hardware\QuadcoperDesign\[2] MicroController.SchDoc with CC0603KRX7R9BB104 from Minh_Lib.SchLib
Replace Part C? C0805C106K3PACTU in H:\Drone\Drone\Hardware\QuadcoperDesign\[2] MicroController.SchDoc with C0805C106K3PACTU from Minh_Lib.SchLib
Replace Part C? CC0603JRNPO9BN220 in H:\Drone\Drone\Hardware\QuadcoperDesign\[2] MicroController.SchDoc with CC0603JRNPO9BN220 from Minh_Lib.SchLib
Replace Part C? CC0603JRNPO9BN220 in H:\Drone\Drone\Hardware\QuadcoperDesign\[2] MicroController.SchDoc with CC0603JRNPO9BN220 from Minh_Lib.SchLib
Replace Part C? CC0603KRX7R9BB104 in H:\Drone\Drone\Hardware\QuadcoperDesign\[2] MicroController.SchDoc with CC0603KRX7R9BB104 from Minh_Lib.SchLib
Replace Part C? CC0603KRX7R9BB104 in H:\Drone\Drone\Hardware\QuadcoperDesign\[2] MicroController.SchDoc with CC0603KRX7R9BB104 from Minh_Lib.SchLib
Replace Part D? LED0805-RED in H:\Drone\Drone\Hardware\QuadcoperDesign\[2] MicroController.SchDoc with LED0805-RED from Minh_Lib.SchLib
Replace Part D? LED0805-BLUE in H:\Drone\Drone\Hardware\QuadcoperDesign\[2] MicroController.SchDoc with LED0805-BLUE from Minh_Lib.SchLib
Replace Part P? HDR1x3_2.54_MALE in H:\Drone\Drone\Hardware\QuadcoperDesign\[2] MicroController.SchDoc with HDR1x3_2.54_MALE from Minh_Lib.SchLib
Replace Part P? HDR1x3_2.54_MALE in H:\Drone\Drone\Hardware\QuadcoperDesign\[2] MicroController.SchDoc with HDR1x3_2.54_MALE from Minh_Lib.SchLib
Replace Part P? SCT1501WR-S-03PT in H:\Drone\Drone\Hardware\QuadcoperDesign\[2] MicroController.SchDoc with SCT1501WR-S-03PT from Minh_Lib.SchLib
Replace Part P? SCT1501WR-S-03PT in H:\Drone\Drone\Hardware\QuadcoperDesign\[2] MicroController.SchDoc with SCT1501WR-S-03PT from Minh_Lib.SchLib
Replace Part Q? MMBT3904-7-F / 1AM in H:\Drone\Drone\Hardware\QuadcoperDesign\[2] MicroController.SchDoc with MMBT3904-7-F / 1AM from Minh_Lib.SchLib
Replace Part R? RC0805JR-071ML in H:\Drone\Drone\Hardware\QuadcoperDesign\[2] MicroController.SchDoc with RC0805JR-071ML from Minh_Lib.SchLib
Replace Part R? RC0603FR-0710KL in H:\Drone\Drone\Hardware\QuadcoperDesign\[2] MicroController.SchDoc with RC0603FR-0710KL from Minh_Lib.SchLib
Replace Part R? RC0603FR-0710KL in H:\Drone\Drone\Hardware\QuadcoperDesign\[2] MicroController.SchDoc with RC0603FR-0710KL from Minh_Lib.SchLib
Replace Part R? RC0603FR-0710KL in H:\Drone\Drone\Hardware\QuadcoperDesign\[2] MicroController.SchDoc with RC0603FR-0710KL from Minh_Lib.SchLib
Replace Part R? RC0603JR-071KL in H:\Drone\Drone\Hardware\QuadcoperDesign\[2] MicroController.SchDoc with RC0603JR-071KL from Minh_Lib.SchLib
Replace Part R? RC0603JR-071KL in H:\Drone\Drone\Hardware\QuadcoperDesign\[2] MicroController.SchDoc with RC0603JR-071KL from Minh_Lib.SchLib
Replace Part R? RC0603JR-0715KL in H:\Drone\Drone\Hardware\QuadcoperDesign\[2] MicroController.SchDoc with RC0603JR-0715KL from Minh_Lib.SchLib
Replace Part R? RC0603FR-0710KL in H:\Drone\Drone\Hardware\QuadcoperDesign\[2] MicroController.SchDoc with RC0603FR-0710KL from Minh_Lib.SchLib
Replace Part S? 434121043816 in H:\Drone\Drone\Hardware\QuadcoperDesign\[2] MicroController.SchDoc with 434121043816 from Minh_Lib.SchLib
Replace Part S? 434121043816 in H:\Drone\Drone\Hardware\QuadcoperDesign\[2] MicroController.SchDoc with 434121043816 from Minh_Lib.SchLib
Replace Part U? STM32F405RGT6 in H:\Drone\Drone\Hardware\QuadcoperDesign\[2] MicroController.SchDoc with STM32F405RGT6 from Minh_Lib.SchLib
Replace Part Y? Crystals - HC49SSDLF-8.00MHz in H:\Drone\Drone\Hardware\QuadcoperDesign\[2] MicroController.SchDoc with Crystals - HC49SSDLF-8.00MHz from Minh_Lib.SchLib
