Replace Part C? TAJB106K016RNJ in H:\Drone\Drone\Hardware\QuadcoperDesign\[4] Wifi_ESP32_Antenna.SchDoc with TAJB106K016RNJ from Minh_Lib.SchLib
Replace Part C? CC0603KRX7R9BB104 in H:\Drone\Drone\Hardware\QuadcoperDesign\[4] Wifi_ESP32_Antenna.SchDoc with CC0603KRX7R9BB104 from Minh_Lib.SchLib
Replace Part C? CC0603KRX7R7BB105 in H:\Drone\Drone\Hardware\QuadcoperDesign\[4] Wifi_ESP32_Antenna.SchDoc with CC0603KRX7R7BB105 from Minh_Lib.SchLib
Replace Part C? CC0603KRX7R9BB104 in H:\Drone\Drone\Hardware\QuadcoperDesign\[4] Wifi_ESP32_Antenna.SchDoc with CC0603KRX7R9BB104 from Minh_Lib.SchLib
Replace Part C? TAJC107K006RNJ in H:\Drone\Drone\Hardware\QuadcoperDesign\[4] Wifi_ESP32_Antenna.SchDoc with TAJC107K006RNJ from Minh_Lib.SchLib
Replace Part C? CC0603KRX7R9BB104 in H:\Drone\Drone\Hardware\QuadcoperDesign\[4] Wifi_ESP32_Antenna.SchDoc with CC0603KRX7R9BB104 from Minh_Lib.SchLib
Replace Part C? CC0603KRX7R9BB104 in H:\Drone\Drone\Hardware\QuadcoperDesign\[4] Wifi_ESP32_Antenna.SchDoc with CC0603KRX7R9BB104 from Minh_Lib.SchLib
Replace Part D? LED0805-RED in H:\Drone\Drone\Hardware\QuadcoperDesign\[4] Wifi_ESP32_Antenna.SchDoc with LED0805-RED from Minh_Lib.SchLib
Replace Part D? LED0805-BLUE in H:\Drone\Drone\Hardware\QuadcoperDesign\[4] Wifi_ESP32_Antenna.SchDoc with LED0805-BLUE from Minh_Lib.SchLib
Replace Part D? SS14R3 in H:\Drone\Drone\Hardware\QuadcoperDesign\[4] Wifi_ESP32_Antenna.SchDoc with SS14R3 from Minh_Lib.SchLib
Replace Part P? SCT1501WR-S-03PT in H:\Drone\Drone\Hardware\QuadcoperDesign\[4] Wifi_ESP32_Antenna.SchDoc with SCT1501WR-S-03PT from Minh_Lib.SchLib
Replace Part Q? MMS8050-H-TP in H:\Drone\Drone\Hardware\QuadcoperDesign\[4] Wifi_ESP32_Antenna.SchDoc with MMS8050-H-TP from Minh_Lib.SchLib
Replace Part Q? MMS8050-H-TP in H:\Drone\Drone\Hardware\QuadcoperDesign\[4] Wifi_ESP32_Antenna.SchDoc with MMS8050-H-TP from Minh_Lib.SchLib
Replace Part R? RC0603JR-071KL in H:\Drone\Drone\Hardware\QuadcoperDesign\[4] Wifi_ESP32_Antenna.SchDoc with RC0603JR-071KL from Minh_Lib.SchLib
Replace Part R? RC0603JR-0712KL in H:\Drone\Drone\Hardware\QuadcoperDesign\[4] Wifi_ESP32_Antenna.SchDoc with RC0603JR-0712KL from Minh_Lib.SchLib
Replace Part R? RC0603JR-0712KL in H:\Drone\Drone\Hardware\QuadcoperDesign\[4] Wifi_ESP32_Antenna.SchDoc with RC0603JR-0712KL from Minh_Lib.SchLib
Replace Part R? RC0603JR-071KL in H:\Drone\Drone\Hardware\QuadcoperDesign\[4] Wifi_ESP32_Antenna.SchDoc with RC0603JR-071KL from Minh_Lib.SchLib
Replace Part R? RC0603JR-07430RL in H:\Drone\Drone\Hardware\QuadcoperDesign\[4] Wifi_ESP32_Antenna.SchDoc with RC0603JR-07430RL from Minh_Lib.SchLib
Replace Part R? RC0603JR-0712KL in H:\Drone\Drone\Hardware\QuadcoperDesign\[4] Wifi_ESP32_Antenna.SchDoc with RC0603JR-0712KL from Minh_Lib.SchLib
Replace Part R? RC0603JR-07430RL in H:\Drone\Drone\Hardware\QuadcoperDesign\[4] Wifi_ESP32_Antenna.SchDoc with RC0603JR-07430RL from Minh_Lib.SchLib
Replace Part R? RC0603JR-0712KL in H:\Drone\Drone\Hardware\QuadcoperDesign\[4] Wifi_ESP32_Antenna.SchDoc with RC0603JR-0712KL from Minh_Lib.SchLib
Replace Part R? RC0603JR-07430RL in H:\Drone\Drone\Hardware\QuadcoperDesign\[4] Wifi_ESP32_Antenna.SchDoc with RC0603JR-07430RL from Minh_Lib.SchLib
Replace Part S? 434121043816 in H:\Drone\Drone\Hardware\QuadcoperDesign\[4] Wifi_ESP32_Antenna.SchDoc with 434121043816 from Minh_Lib.SchLib
Replace Part S? 434121043816 in H:\Drone\Drone\Hardware\QuadcoperDesign\[4] Wifi_ESP32_Antenna.SchDoc with 434121043816 from Minh_Lib.SchLib
Replace Part S? DS-06 in H:\Drone\Drone\Hardware\QuadcoperDesign\[4] Wifi_ESP32_Antenna.SchDoc with DS-06 from Minh_Lib.SchLib
Replace Part U? CP2102-GM in H:\Drone\Drone\Hardware\QuadcoperDesign\[4] Wifi_ESP32_Antenna.SchDoc with CP2102-GM from Minh_Lib.SchLib
Replace Part U? Micro USB - UJ2-MIBH-G-SMT-TR in H:\Drone\Drone\Hardware\QuadcoperDesign\[4] Wifi_ESP32_Antenna.SchDoc with Micro USB - UJ2-MIBH-G-SMT-TR from Minh_Lib.SchLib
Replace Part U? ESP32-WROOM-32U (8MB) in H:\Drone\Drone\Hardware\QuadcoperDesign\[4] Wifi_ESP32_Antenna.SchDoc with ESP32-WROOM-32U (8MB) from Minh_Lib.SchLib
