Change Component Designator: Old Designator=C? New Designator=C1.4
Change Component Designator: Old Designator=C? New Designator=C2.4
Change Component Designator: Old Designator=C? New Designator=C3.4
Change Component Designator: Old Designator=C? New Designator=C4.4
Change Component Designator: Old Designator=C? New Designator=C5.4
Change Component Designator: Old Designator=C? New Designator=C6.4
Change Component Designator: Old Designator=C? New Designator=C7.4
Change Component Designator: Old Designator=D? New Designator=D1.4
Change Component Designator: Old Designator=D? New Designator=D2.4
Change Component Designator: Old Designator=D? New Designator=D3.4
Change Component Designator: Old Designator=P? New Designator=P1.4
Change Component Designator: Old Designator=Q? New Designator=Q1.4
Change Component Designator: Old Designator=Q? New Designator=Q2.4
Change Component Designator: Old Designator=R? New Designator=R1.4
Change Component Designator: Old Designator=R? New Designator=R2.4
Change Component Designator: Old Designator=R? New Designator=R3.4
Change Component Designator: Old Designator=R? New Designator=R4.4
Change Component Designator: Old Designator=R? New Designator=R5.4
Change Component Designator: Old Designator=R? New Designator=R6.4
Change Component Designator: Old Designator=R? New Designator=R7.4
Change Component Designator: Old Designator=R? New Designator=R8.4
Change Component Designator: Old Designator=R? New Designator=R9.4
Change Component Designator: Old Designator=S? New Designator=S1.4
Change Component Designator: Old Designator=S? New Designator=S2.4
Change Component Designator: Old Designator=S? New Designator=S3.4
Change Component Designator: Old Designator=U? New Designator=U1.4
Change Component Designator: Old Designator=U? New Designator=U2.4
Change Component Designator: Old Designator=U? New Designator=U3.4
