Added Component: Designator=U3.4(Micro USB V2 SMD)
Add component (AddParameter): Name = "Category"; Value = "USB Connectors"; VariantName = "[No Variations]"
Add component (AddParameter): Name = "Manufacturer"; Value = "CUI Devices"; VariantName = "[No Variations]"
Add component (AddParameter): Name = "Manufacturer Part Number"; Value = "UJ2-MIBH-G-SMT-TR"; VariantName = "[No Variations]"
Add component (AddParameter): Name = "Pricing 1"; Value = "1=0.44640, 10=0.33470, 25=0.33130, 50=0.32680, 100=0.29350, 250=0.28070, 500=0.26500, 1000=0.21660, 2000=0.19850, 3000=0.19000, 5000=0.18820 (USD)"; VariantName = "[No Variations]"
Add component (AddParameter): Name = "RoHS"; Value = "Yes"; VariantName = "[No Variations]"
Add component (AddParameter): Name = "Stock 1"; Value = "6066"; VariantName = "[No Variations]"
Add component (AddParameter): Name = "Supplier 1"; Value = "Arrow Electronics"; VariantName = "[No Variations]"
Add component (AddParameter): Name = "Supplier Part Number 1"; Value = "UJ2-MIBH-G-SMT-TR"; VariantName = "[No Variations]"
Added Pin To Net: NetName=5V_USB Pin=U3.4-1
Added Pin To Net: NetName=USB_D_N Pin=U3.4-2
Added Pin To Net: NetName=USB_D_P Pin=U3.4-3
Added Pin To Net: NetName=GND Pin=U3.4-5
Added Differential Pair: Name=USB_D
Added Member To Class: ClassName=[3] Sensor Member=Component M1.3 GY9250
Added Member To Class: ClassName=[4] Wifi_ESP32_Antenna Member=Component U3.4 Micro USB
Added Room: Name=[1] PowerSupply
Added Room: Name=[2] MicroController
Added Room: Name=[3] Sensor
Added Room: Name=[4] Wifi_ESP32_Antenna
Added Room: Name=[5] Peripheral_Module
Added Room: Name=[6] Radio Frequency
Added Room: Name=[7] Motor_Control
