2023-06-07 04:46:46,036 [INFO] Activator:177 - 


2023-06-07 04:46:46,039 [INFO] Activator:178 - !SESSION log4j initialized
2023-06-07 04:47:16,533 [ERROR] LogOutputStream:74 - [STDERR_REDIRECT] SLF4J: Failed to load class "org.slf4j.impl.StaticLoggerBinder".
2023-06-07 04:47:16,533 [ERROR] LogOutputStream:74 - [STDERR_REDIRECT] SLF4J: Defaulting to no-operation (NOP) logger implementation
2023-06-07 04:47:16,535 [ERROR] LogOutputStream:74 - [STDERR_REDIRECT] SLF4J: See http://www.slf4j.org/codes.html#StaticLoggerBinder for further details.
2023-06-07 04:47:37,610 [INFO] McuFinderGlobals:44 - Set McuFinder mode to 2 (CubeIDE integrated)
2023-06-07 04:47:38,042 [INFO] ApplicationProperties:181 - Using Application install path: C:\ST\STM32CubeIDE_1.7.0\STM32CubeIDE\plugins\com.st.stm32cube.common.mx_6.6.0.202206222154
2023-06-07 04:47:38,064 [INFO] DbMcusXml:77 - Set database path to: C:\ST\STM32CubeIDE_1.7.0\STM32CubeIDE\plugins\com.st.stm32cube.common.mx_6.6.0.202206222154\\db\/mcu/
2023-06-07 04:47:38,064 [INFO] ApiDb:269 - Set plugin database path to: C:\ST\STM32CubeIDE_1.7.0\STM32CubeIDE\plugins\com.st.stm32cube.common.mx_6.6.0.202206222154\\db\/plugins/boardmanager/
2023-06-07 04:47:38,066 [WARN] ApiDb:254 - Overriding images path with different value:  => C:\ST\STM32CubeIDE_1.7.0\STM32CubeIDE\plugins\com.st.stm32cube.common.mx_6.6.0.202206222154\\db\/plugins/mcufinder/images/
2023-06-07 04:47:38,089 [INFO] ApiDb:249 - Set database path to: C:\Users\nguye\.stmcufinder\plugins\mcufinder//mcu/
2023-06-07 04:47:38,091 [INFO] DbMcusAds:124 - Set database path to: C:\Users\nguye\.stmcufinder\plugins\mcufinder//mcu/
2023-06-07 04:47:38,817 [INFO] CrossReferenceDbSqlite:201 - Set database path to: C:\Users\nguye\.stmcufinder\plugins\mcufinder//mcu/cs/
2023-06-07 04:47:38,941 [INFO] RulesReader:61 - Compatibility file has been processed (282 Rules)
2023-06-07 04:47:39,051 [INFO] DbMcusXml:77 - Set database path to: C:\ST\STM32CubeIDE_1.7.0\STM32CubeIDE\plugins\com.st.stm32cube.common.mx_6.6.0.202206222154\\db\/mcu/
2023-06-07 04:47:39,052 [INFO] ApiDb:269 - Set plugin database path to: C:\ST\STM32CubeIDE_1.7.0\STM32CubeIDE\plugins\com.st.stm32cube.common.mx_6.6.0.202206222154\\db\/plugins/boardmanager/
2023-06-07 04:47:39,052 [INFO] ApiDb:256 - Set plugin images path to: C:\ST\STM32CubeIDE_1.7.0\STM32CubeIDE\plugins\com.st.stm32cube.common.mx_6.6.0.202206222154\\db\/plugins/mcufinder/images/
2023-06-07 04:47:39,053 [WARN] DbFile:40 - Overriding database path with different value: C:\Users\nguye\.stmcufinder\plugins\mcufinder/ => C:\Users\nguye\.stmcufinder\plugins\mcufinder
2023-06-07 04:47:39,053 [INFO] ApiDb:249 - Set database path to: C:\Users\nguye\.stmcufinder\plugins\mcufinder//mcu/
2023-06-07 04:47:39,053 [WARN] DbFile:40 - Overriding database path with different value: C:\Users\nguye\.stmcufinder\plugins\mcufinder/ => C:\Users\nguye\.stmcufinder\plugins\mcufinder
2023-06-07 04:47:39,054 [INFO] DbMcusAds:124 - Set database path to: C:\Users\nguye\.stmcufinder\plugins\mcufinder//mcu/
2023-06-07 04:47:39,055 [WARN] DbFile:40 - Overriding database path with different value: C:\Users\nguye\.stmcufinder\plugins\mcufinder/ => C:\Users\nguye\.stmcufinder\plugins\mcufinder
2023-06-07 04:47:39,055 [WARN] DbFile:40 - Overriding database path with different value: C:\Users\nguye\.stmcufinder\plugins\mcufinder/ => C:\Users\nguye\.stmcufinder\plugins\mcufinder
2023-06-07 04:47:39,816 [INFO] CrossReferenceDbSqlite:201 - Set database path to: C:\Users\nguye\.stmcufinder\plugins\mcufinder//mcu/cs/
2023-06-07 04:47:39,902 [INFO] MainPanel:242 - HeapMemory: 268435456
2023-06-07 04:47:40,003 [INFO] DbMcusXml:77 - Set database path to: C:\ST\STM32CubeIDE_1.7.0\STM32CubeIDE\plugins\com.st.stm32cube.common.mx_6.6.0.202206222154\\db\/mcu/
2023-06-07 04:47:40,004 [INFO] ApiDb:269 - Set plugin database path to: C:\ST\STM32CubeIDE_1.7.0\STM32CubeIDE\plugins\com.st.stm32cube.common.mx_6.6.0.202206222154\\db\/plugins/boardmanager/
2023-06-07 04:47:40,004 [INFO] ApiDb:256 - Set plugin images path to: C:\ST\STM32CubeIDE_1.7.0\STM32CubeIDE\plugins\com.st.stm32cube.common.mx_6.6.0.202206222154\\db\/plugins/mcufinder/images/
2023-06-07 04:47:40,004 [WARN] DbFile:40 - Overriding database path with different value: C:\Users\nguye\.stmcufinder\plugins\mcufinder/ => C:\Users\nguye\.stmcufinder\plugins\mcufinder
2023-06-07 04:47:40,004 [INFO] ApiDb:249 - Set database path to: C:\Users\nguye\.stmcufinder\plugins\mcufinder//mcu/
2023-06-07 04:47:40,004 [WARN] DbFile:40 - Overriding database path with different value: C:\Users\nguye\.stmcufinder\plugins\mcufinder/ => C:\Users\nguye\.stmcufinder\plugins\mcufinder
2023-06-07 04:47:40,005 [INFO] DbMcusAds:124 - Set database path to: C:\Users\nguye\.stmcufinder\plugins\mcufinder//mcu/
2023-06-07 04:47:40,005 [WARN] DbFile:40 - Overriding database path with different value: C:\Users\nguye\.stmcufinder\plugins\mcufinder/ => C:\Users\nguye\.stmcufinder\plugins\mcufinder
2023-06-07 04:47:40,005 [WARN] DbFile:40 - Overriding database path with different value: C:\Users\nguye\.stmcufinder\plugins\mcufinder/ => C:\Users\nguye\.stmcufinder\plugins\mcufinder
2023-06-07 04:47:40,816 [INFO] CrossReferenceDbSqlite:201 - Set database path to: C:\Users\nguye\.stmcufinder\plugins\mcufinder//mcu/cs/
2023-06-07 04:47:40,877 [INFO] ApplicationProperties:181 - Using Application install path: C:\ST\STM32CubeIDE_1.7.0\STM32CubeIDE\plugins\com.st.stm32cube.common.mx_6.6.0.202206222154
2023-06-07 04:47:40,879 [INFO] PluginManage:193 - Search for loadable plugins [exclusion list=, ]
2023-06-07 04:47:40,882 [INFO] PluginManage:307 - Check plugin analytics
2023-06-07 04:47:46,389 [INFO] AnalyticsPlugin:262 - Accepted Software Licenses: STM32CubeMX.6.5.0
2023-06-07 04:47:46,391 [INFO] AnalyticsPlugin:264 - Accepted CMSIS Pack Licenses: 
2023-06-07 04:47:46,391 [INFO] AnalyticsPlugin:266 - Accepted Firmware Licenses: 
2023-06-07 04:47:46,403 [INFO] PluginManage:356 - Loaded plugin analytics (category:tool,tabindex:-1)
2023-06-07 04:47:46,403 [INFO] PluginManage:307 - Check plugin cadmodel
2023-06-07 04:47:46,418 [INFO] CADModel:65 - Init CAD model plugin
2023-06-07 04:47:46,418 [INFO] PluginManage:356 - Loaded plugin cadmodel (category:power,tabindex:5)
2023-06-07 04:47:46,419 [INFO] PluginManage:307 - Check plugin clock
2023-06-07 04:47:46,438 [INFO] PluginManage:356 - Loaded plugin clock (category:base,tabindex:2)
2023-06-07 04:47:46,438 [INFO] PluginManage:307 - Check plugin ddr
2023-06-07 04:47:46,441 [INFO] PluginManage:356 - Loaded plugin ddr (category:tool,tabindex:6)
2023-06-07 04:47:46,441 [INFO] PluginManage:307 - Check plugin filemanager
2023-06-07 04:47:46,585 [INFO] PluginManage:356 - Loaded plugin filemanager (category:base,tabindex:10)
2023-06-07 04:47:46,586 [INFO] PluginManage:307 - Check plugin ipmanager
2023-06-07 04:47:46,595 [INFO] PluginManage:356 - Loaded plugin ipmanager (category:base,tabindex:5)
2023-06-07 04:47:46,595 [INFO] PluginManage:307 - Check plugin lpbam
2023-06-07 04:47:46,616 [INFO] PluginManage:356 - Loaded plugin lpbam (category:base,tabindex:0)
2023-06-07 04:47:46,616 [INFO] PluginManage:307 - Check plugin pinoutandconfiguration
2023-06-07 04:47:46,631 [INFO] PluginManage:356 - Loaded plugin pinoutandconfiguration (category:base,tabindex:1)
2023-06-07 04:47:46,631 [INFO] PluginManage:307 - Check plugin pinoutconfig
2023-06-07 04:47:46,672 [INFO] PluginManage:356 - Loaded plugin pinoutconfig (category:base,tabindex:0)
2023-06-07 04:47:46,672 [INFO] PluginManage:307 - Check plugin power
2023-06-07 04:47:46,691 [INFO] PluginManage:356 - Loaded plugin power (category:power,tabindex:4)
2023-06-07 04:47:46,691 [INFO] PluginManage:307 - Check plugin projectmanager
2023-06-07 04:47:46,710 [INFO] PluginManage:356 - Loaded plugin projectmanager (category:projectmanager,tabindex:3)
2023-06-07 04:47:46,710 [INFO] PluginManage:307 - Check plugin thirdparty
2023-06-07 04:47:46,983 [WARN] IntegrityCheckThread:82 - waiting for thirdparty lock release [integrity check]
2023-06-07 04:47:46,984 [INFO] PluginManage:356 - Loaded plugin thirdparty (category:base,tabindex:-1)
2023-06-07 04:47:46,984 [INFO] IntegrityCheckThread:84 - entering critical section [integrity check]
2023-06-07 04:47:46,985 [INFO] PluginManage:307 - Check plugin tools
2023-06-07 04:47:46,989 [INFO] ThirdPartyUpdaterWithRetryManager:70 - Updater plugin not ready yet. [1/15]
2023-06-07 04:47:47,022 [INFO] PluginManage:356 - Loaded plugin tools (category:base,tabindex:7)
2023-06-07 04:47:47,022 [INFO] PluginManage:307 - Check plugin tutovideos
2023-06-07 04:47:47,219 [INFO] PluginManage:356 - Loaded plugin tutovideos (category:base,tabindex:-1)
2023-06-07 04:47:47,219 [INFO] PluginManage:307 - Check plugin updater
2023-06-07 04:47:47,233 [INFO] PluginManage:356 - Loaded plugin updater (category:base,tabindex:12)
2023-06-07 04:47:47,233 [INFO] PluginManage:280 - PluginManage : Loaded plugins [15]
2023-06-07 04:47:47,472 [INFO] PinOutPanel:1468 - setPackage(No Configuration,No Configuration)
2023-06-07 04:47:47,558 [INFO] CADModel:98 - CPN selected for project level
2023-06-07 04:47:47,588 [INFO] IPUIPlugin:79 - create IPUIPlugin
2023-06-07 04:47:47,589 [INFO] PluginManager:217 - loadIPPluginJar : add adc
2023-06-07 04:47:47,634 [INFO] IPUIPlugin:79 - create IPUIPlugin
2023-06-07 04:47:47,634 [INFO] PluginManager:217 - loadIPPluginJar : add aes
2023-06-07 04:47:47,675 [INFO] IPUIPlugin:79 - create IPUIPlugin
2023-06-07 04:47:47,676 [INFO] PluginManager:217 - loadIPPluginJar : add can
2023-06-07 04:47:47,696 [INFO] IPUIPlugin:79 - create IPUIPlugin
2023-06-07 04:47:47,696 [INFO] PluginManager:217 - loadIPPluginJar : add comp
2023-06-07 04:47:47,726 [INFO] IPUIPlugin:79 - create IPUIPlugin
2023-06-07 04:47:47,726 [INFO] PluginManager:217 - loadIPPluginJar : add cryp
2023-06-07 04:47:47,752 [INFO] IPUIPlugin:79 - create IPUIPlugin
2023-06-07 04:47:47,753 [INFO] PluginManager:217 - loadIPPluginJar : add dfsdm
2023-06-07 04:47:47,765 [INFO] IPUIPlugin:79 - create IPUIPlugin
2023-06-07 04:47:47,765 [INFO] PluginManager:217 - loadIPPluginJar : add dma
2023-06-07 04:47:47,800 [INFO] IPUIPlugin:79 - create IPUIPlugin
2023-06-07 04:47:47,800 [INFO] PluginManager:217 - loadIPPluginJar : add dma3
2023-06-07 04:47:47,816 [INFO] IPUIPlugin:79 - create IPUIPlugin
2023-06-07 04:47:47,816 [INFO] PluginManager:217 - loadIPPluginJar : add fatfs
2023-06-07 04:47:47,858 [INFO] IPUIPlugin:79 - create IPUIPlugin
2023-06-07 04:47:47,859 [INFO] PluginManager:217 - loadIPPluginJar : add fmc
2023-06-07 04:47:47,873 [INFO] IPUIPlugin:79 - create IPUIPlugin
2023-06-07 04:47:47,874 [INFO] PluginManager:217 - loadIPPluginJar : add freertos
2023-06-07 04:47:47,890 [INFO] IPUIPlugin:79 - create IPUIPlugin
2023-06-07 04:47:47,890 [INFO] PluginManager:217 - loadIPPluginJar : add genericplugin
2023-06-07 04:47:47,973 [INFO] IPUIPlugin:79 - create IPUIPlugin
2023-06-07 04:47:47,973 [INFO] PluginManager:217 - loadIPPluginJar : add gfxmmu
2023-06-07 04:47:48,097 [INFO] IPUIPlugin:79 - create IPUIPlugin
2023-06-07 04:47:48,098 [INFO] PluginManager:217 - loadIPPluginJar : add gic
2023-06-07 04:47:48,111 [INFO] IPUIPlugin:79 - create IPUIPlugin
2023-06-07 04:47:48,111 [INFO] PluginManager:217 - loadIPPluginJar : add gpio
2023-06-07 04:47:48,199 [INFO] IPUIPlugin:79 - create IPUIPlugin
2023-06-07 04:47:48,199 [INFO] PluginManager:217 - loadIPPluginJar : add gtzc
2023-06-07 04:47:48,228 [INFO] IPUIPlugin:79 - create IPUIPlugin
2023-06-07 04:47:48,228 [INFO] PluginManager:217 - loadIPPluginJar : add hash
2023-06-07 04:47:48,273 [INFO] IPUIPlugin:79 - create IPUIPlugin
2023-06-07 04:47:48,273 [INFO] PluginManager:217 - loadIPPluginJar : add i2c
2023-06-07 04:47:48,304 [INFO] IPUIPlugin:79 - create IPUIPlugin
2023-06-07 04:47:48,304 [INFO] PluginManager:217 - loadIPPluginJar : add i2s
2023-06-07 04:47:48,399 [INFO] IPUIPlugin:79 - create IPUIPlugin
2023-06-07 04:47:48,400 [INFO] PluginManager:217 - loadIPPluginJar : add ipddr
2023-06-07 04:47:48,476 [INFO] IPUIPlugin:79 - create IPUIPlugin
2023-06-07 04:47:48,476 [INFO] PluginManager:217 - loadIPPluginJar : add linkedlist
2023-06-07 04:47:48,504 [INFO] IPUIPlugin:79 - create IPUIPlugin
2023-06-07 04:47:48,504 [INFO] PluginManager:217 - loadIPPluginJar : add lorawan
2023-06-07 04:47:48,534 [INFO] IPUIPlugin:79 - create IPUIPlugin
2023-06-07 04:47:48,535 [INFO] PluginManager:217 - loadIPPluginJar : add ltdc
2023-06-07 04:47:48,547 [INFO] IPUIPlugin:79 - create IPUIPlugin
2023-06-07 04:47:48,548 [INFO] PluginManager:217 - loadIPPluginJar : add mdma
2023-06-07 04:47:48,558 [INFO] IPUIPlugin:79 - create IPUIPlugin
2023-06-07 04:47:48,558 [INFO] PluginManager:217 - loadIPPluginJar : add nvic
2023-06-07 04:47:48,589 [INFO] IPUIPlugin:79 - create IPUIPlugin
2023-06-07 04:47:48,589 [INFO] PluginManager:217 - loadIPPluginJar : add opamp
2023-06-07 04:47:48,637 [INFO] IPUIPlugin:79 - create IPUIPlugin
2023-06-07 04:47:48,637 [INFO] PluginManager:217 - loadIPPluginJar : add openamp
2023-06-07 04:47:48,670 [INFO] IPUIPlugin:79 - create IPUIPlugin
2023-06-07 04:47:48,671 [INFO] PluginManager:217 - loadIPPluginJar : add pdm2pcm
2023-06-07 04:47:48,683 [INFO] IPUIPlugin:79 - create IPUIPlugin
2023-06-07 04:47:48,685 [INFO] PluginManager:217 - loadIPPluginJar : add plateformsettings
2023-06-07 04:47:48,702 [INFO] IPUIPlugin:79 - create IPUIPlugin
2023-06-07 04:47:48,703 [INFO] PluginManager:217 - loadIPPluginJar : add quadspi
2023-06-07 04:47:48,713 [INFO] IPUIPlugin:79 - create IPUIPlugin
2023-06-07 04:47:48,714 [INFO] PluginManager:217 - loadIPPluginJar : add resmgrutility
2023-06-07 04:47:48,754 [INFO] IPUIPlugin:79 - create IPUIPlugin
2023-06-07 04:47:48,754 [INFO] PluginManager:217 - loadIPPluginJar : add sai
2023-06-07 04:47:48,784 [INFO] IPUIPlugin:79 - create IPUIPlugin
2023-06-07 04:47:48,784 [INFO] PluginManager:217 - loadIPPluginJar : add spi
2023-06-07 04:47:48,832 [INFO] IPUIPlugin:79 - create IPUIPlugin
2023-06-07 04:47:48,832 [INFO] PluginManager:217 - loadIPPluginJar : add stm32_wpan
2023-06-07 04:47:48,852 [INFO] IPUIPlugin:79 - create IPUIPlugin
2023-06-07 04:47:48,852 [INFO] PluginManager:217 - loadIPPluginJar : add tim
2023-06-07 04:47:48,904 [INFO] IPUIPlugin:79 - create IPUIPlugin
2023-06-07 04:47:48,904 [INFO] PluginManager:217 - loadIPPluginJar : add touchsensing
2023-06-07 04:47:48,923 [INFO] IPUIPlugin:79 - create IPUIPlugin
2023-06-07 04:47:48,924 [INFO] PluginManager:217 - loadIPPluginJar : add tracer_emb
2023-06-07 04:47:48,945 [INFO] IPUIPlugin:79 - create IPUIPlugin
2023-06-07 04:47:48,945 [INFO] PluginManager:217 - loadIPPluginJar : add ts
2023-06-07 04:47:48,962 [INFO] IPUIPlugin:79 - create IPUIPlugin
2023-06-07 04:47:48,962 [INFO] PluginManager:217 - loadIPPluginJar : add tsc
2023-06-07 04:47:48,980 [INFO] IPUIPlugin:79 - create IPUIPlugin
2023-06-07 04:47:48,980 [INFO] PluginManager:217 - loadIPPluginJar : add ucpd
2023-06-07 04:47:49,016 [INFO] IPUIPlugin:79 - create IPUIPlugin
2023-06-07 04:47:49,016 [INFO] PluginManager:217 - loadIPPluginJar : add usart
2023-06-07 04:47:49,053 [INFO] IPUIPlugin:79 - create IPUIPlugin
2023-06-07 04:47:49,054 [INFO] PluginManager:217 - loadIPPluginJar : add usbx
2023-06-07 04:47:49,341 [FATAL] Updater:301 - Updater called before beeing initialized
2023-06-07 04:47:49,476 [FATAL] Updater:301 - Updater called before beeing initialized
2023-06-07 04:47:49,484 [INFO] DbMcusAds:52 - JSON generation date=Tue Mar 07 15:50:55 ICT 2023 (1678179055335)
2023-06-07 04:47:49,484 [FATAL] Updater:301 - Updater called before beeing initialized
2023-06-07 04:47:49,570 [WARN] DetailPanel:344 - Failed to get advertising image, set to default
2023-06-07 04:47:49,779 [FATAL] Updater:301 - Updater called before beeing initialized
2023-06-07 04:47:49,781 [FATAL] Updater:301 - Updater called before beeing initialized
2023-06-07 04:47:49,781 [FATAL] Updater:301 - Updater called before beeing initialized
2023-06-07 04:47:49,781 [WARN] DetailPanel:344 - Failed to get advertising image, set to default
2023-06-07 04:47:49,782 [FATAL] Updater:301 - Updater called before beeing initialized
2023-06-07 04:47:49,844 [ERROR] Updater:1105 - MainUpdater not yet initialized. External WinMGr cannot be set.
2023-06-07 04:47:49,852 [INFO] Updater:1041 - Updater Version found : 6.6.0
2023-06-07 04:47:49,867 [INFO] ApplicationProperties:181 - Using Application install path: C:\ST\STM32CubeIDE_1.7.0\STM32CubeIDE\plugins\com.st.stm32cube.common.mx_6.6.0.202206222154
2023-06-07 04:47:49,989 [INFO] ThirdPartyUpdaterWithRetryManager:70 - Updater plugin not ready yet. [2/15]
2023-06-07 04:47:50,202 [INFO] MainUpdater:2768 - connection check result : 10
2023-06-07 04:47:50,202 [INFO] MainUpdater:3453 - Updater definition file requires update
2023-06-07 04:47:50,203 [INFO] MainUpdater:280 - Updater Check For Update Now.
2023-06-07 04:47:50,203 [INFO] MicroXplorer:481 - Change Database Version : DB.6.0.60
2023-06-07 04:47:52,276 [INFO] ServerAccessManage:474 - Download File updaters.zip
2023-06-07 04:47:52,395 [INFO] FileExtend:239 - Unzip File : updaters.zip
2023-06-07 04:47:52,395 [INFO] FileExtend:254 - Standard Zip Deflate
2023-06-07 04:47:52,999 [WARN] MainUpdater:1184 - Updater busy. Cannot search thirdparties
2023-06-07 04:47:52,999 [INFO] ThirdPartyUpdaterWithRetryManager:96 - Updater plugin is busy. [1/15]
2023-06-07 04:47:54,035 [INFO] ServerAccessManage:474 - Download File PacksControlFlags.xml
2023-06-07 04:47:55,225 [INFO] ServerAccessManage:474 - Download File cubemx.pidx
2023-06-07 04:47:55,999 [WARN] MainUpdater:1184 - Updater busy. Cannot search thirdparties
2023-06-07 04:47:55,999 [INFO] ThirdPartyUpdaterWithRetryManager:96 - Updater plugin is busy. [2/15]
2023-06-07 04:47:57,263 [INFO] ServerAccessManage:474 - Download File STMicroelectronics.X-CUBE-AZRTOS-WL.pdsc
2023-06-07 04:47:57,775 [INFO] LogOutputStream:76 - [STDOUT_REDIRECT] 1 : Invalid condition id : UX_CORESTACK_Condition cause : null
2023-06-07 04:47:57,776 [INFO] LogOutputStream:76 - [STDOUT_REDIRECT] 1 : Invalid condition id : UX_CORESTACK_Condition cause : null
2023-06-07 04:47:57,778 [INFO] LogOutputStream:76 - [STDOUT_REDIRECT] 1 : Invalid condition id : UX_CORESTACK_Condition cause : null
2023-06-07 04:47:57,781 [INFO] LogOutputStream:76 - [STDOUT_REDIRECT] 1 : Invalid condition id : UX_CORESTACK_Condition cause : null
2023-06-07 04:47:57,782 [INFO] LogOutputStream:76 - [STDOUT_REDIRECT] 1 : Invalid condition id : UX_CORESTACK_Condition cause : null
2023-06-07 04:47:57,792 [WARN] PackLoader:242 - Cannot read IP mode file for STMicroelectronics.X-CUBE-AZRTOS-WL.2.0.0
2023-06-07 04:47:57,797 [INFO] PopulateThirdPartyThread:64 - Ending populate Thread
2023-06-07 04:47:57,798 [INFO] ThirdParty:981 - CMSIS Pack Vendor :STMicroelectronics X-CUBE-AZRTOS-WL 2.0.0
2023-06-07 04:47:57,799 [INFO] LoadServerUpdatesThread:367 - End of LoadServerUpdate Thread
2023-06-07 04:47:57,891 [INFO] CheckServerUpdateThread:119 - End of CheckServer Thread
2023-06-07 04:47:57,933 [INFO] MainUpdater:2768 - connection check result : 10
2023-06-07 04:47:57,951 [INFO] McuFinderGlobals:57 - Set McuFinderConnectedMode to true
2023-06-07 04:47:58,157 [INFO] ServerAccessManage:474 - Download File mcusAds.json._tmp_
2023-06-07 04:47:58,265 [INFO] LoadUrlFilesThread:150 - End of LoadUrlFiles Thread
2023-06-07 04:47:59,000 [WARN] MainUpdater:1184 - Updater busy. Cannot search thirdparties
2023-06-07 04:47:59,000 [INFO] ThirdPartyUpdaterWithRetryManager:96 - Updater plugin is busy. [3/15]
2023-06-07 04:48:00,401 [INFO] ServerAccessManage:474 - Download File cube-finder-db.zip
2023-06-07 04:48:02,000 [WARN] MainUpdater:1184 - Updater busy. Cannot search thirdparties
2023-06-07 04:48:02,000 [INFO] ThirdPartyUpdaterWithRetryManager:96 - Updater plugin is busy. [4/15]
2023-06-07 04:48:04,768 [INFO] FileExtend:239 - Unzip File : cube-finder-db.zip
2023-06-07 04:48:04,768 [INFO] FileExtend:254 - Standard Zip Deflate
2023-06-07 04:48:05,001 [WARN] MainUpdater:1184 - Updater busy. Cannot search thirdparties
2023-06-07 04:48:05,001 [INFO] ThirdPartyUpdaterWithRetryManager:96 - Updater plugin is busy. [5/15]
2023-06-07 04:48:05,617 [INFO] LoadUrlFilesThread:150 - End of LoadUrlFiles Thread
2023-06-07 04:48:08,001 [WARN] MainUpdater:1184 - Updater busy. Cannot search thirdparties
2023-06-07 04:48:08,001 [INFO] ThirdPartyUpdaterWithRetryManager:96 - Updater plugin is busy. [6/15]
2023-06-07 04:48:08,452 [INFO] ServerAccessManage:474 - Download File crdb.zip
2023-06-07 04:48:10,036 [INFO] FileExtend:239 - Unzip File : crdb.zip
2023-06-07 04:48:10,036 [INFO] FileExtend:254 - Standard Zip Deflate
2023-06-07 04:48:10,174 [INFO] LoadUrlFilesThread:150 - End of LoadUrlFiles Thread
2023-06-07 04:48:11,002 [WARN] MainUpdater:1184 - Updater busy. Cannot search thirdparties
2023-06-07 04:48:11,002 [INFO] ThirdPartyUpdaterWithRetryManager:96 - Updater plugin is busy. [7/15]
2023-06-07 04:48:12,383 [INFO] ServerAccessManage:474 - Download File tutoVideoDB.zip
2023-06-07 04:48:12,448 [INFO] FileExtend:239 - Unzip File : tutoVideoDB.zip
2023-06-07 04:48:12,448 [INFO] FileExtend:254 - Standard Zip Deflate
2023-06-07 04:48:12,566 [INFO] LoadUrlFilesThread:150 - End of LoadUrlFiles Thread
2023-06-07 04:48:12,576 [INFO] JxBrowserEngine:106 - Initiate JxBrowser Engine with user profile folder
2023-06-07 04:48:12,741 [ERROR] JxBrowserEngine:59 - Can't initiate JxBrowser engine com.teamdev.jxbrowser.engine.ChromiumBinariesExtractionException: Failed to extract Chromium binaries into C:\Users\nguye\.stm32cubemx\.jxbrowser\Chromium
2023-06-07 04:48:12,742 [WARN] DbFile:40 - Overriding database path with different value: C:\Users\nguye\.stmcufinder\plugins\mcufinder/ => C:\Users\nguye\.stmcufinder\plugins\mcufinder
2023-06-07 04:48:13,715 [INFO] ServerAccessManage:474 - Download File api_config.json
2023-06-07 04:48:13,821 [INFO] LoadUrlFilesThread:150 - End of LoadUrlFiles Thread
2023-06-07 04:48:13,822 [INFO] DbMcusAds:52 - JSON generation date=Tue Mar 07 15:50:55 ICT 2023 (1678179055335)
2023-06-07 04:48:13,841 [INFO] LoadUrlFilesThread:177 - End of LoadServerUrlFiles without Thread
2023-06-07 04:48:13,841 [INFO] TargetSelectorAdapter:228 - Refresh data is successful
2023-06-07 04:48:13,941 [INFO] ApiDb:576 - Connected to CubeFinder SQLite database (C:\Users\nguye\.stmcufinder\plugins\mcufinder\mcu\cube-finder-db.db)
2023-06-07 04:48:14,019 [INFO] ApiDb:663 - CubeFinder database Data Model version=2.1
2023-06-07 04:48:14,019 [INFO] ApiDb:664 - CubeFinder database Configuration version=3.0.35
2023-06-07 04:48:14,019 [INFO] ApiDb:665 - CubeFinder database generation date=2023-05-12 (1683877179)
2023-06-07 04:48:14,019 [INFO] ApiDb:666 - CubeFinder database FW Pack versions=[FP-ATR-ASTRA1_V2.0.0, FP-SNS-FLIGHT1_V5.0.0, FP-SNS-MOTENV1_V4.3.0, STM32Cube_FW_C0_V1.0.1, STM32Cube_FW_F0_V1.11.4, STM32Cube_FW_F3_V1.11.4, STM32Cube_FW_F4_V1.27.1, STM32Cube_FW_F7_V1.17.0, STM32Cube_FW_G0_V1.6.1, STM32Cube_FW_G4_V1.5.1, STM32Cube_FW_H5_V0.5.1, STM32Cube_FW_H5_V1.0.0, STM32Cube_FW_H7_V1.11.0, STM32Cube_FW_L0_V1.12.2, STM32Cube_FW_L5_V1.5.0, STM32Cube_FW_U5_V1.2.0, STM32Cube_FW_WBA_V1.0.0, STM32Cube_FW_WBA_V1.0.0RC1, STM32Cube_FW_WBA_V1.0.0RC3, STM32Cube_FW_WB_V1.15.0RC1, STM32Cube_FW_WB_V1.16.0, STM32Cube_FW_WB_V1.16.0RC2, STM32Cube_FW_WL_V1.3.0, X-CUBE-ALGOBUILD_V1.3.0, X-CUBE-ALS_V1.0.1, X-CUBE-AZRTOS-F4_V1.1.0, X-CUBE-AZRTOS-F7_V1.1.0, X-CUBE-AZRTOS-G0_V1.1.0, X-CUBE-AZRTOS-G4_V2.0.0, X-CUBE-AZRTOS-H7_V3.1.0, X-CUBE-AZRTOS-L4_V1.0.0, X-CUBE-AZRTOS-L5_V1.1.0, X-CUBE-AZRTOS-WB_V1.1.0, X-CUBE-AZRTOS-WL_V1.0.0, X-CUBE-BLE1_V6.2.4, X-CUBE-BLE2_V3.3.0, X-CUBE-BLEMGR_V2.0.0, X-CUBE-EEPRMA1_V4.1.0, X-CUBE-FREERTOS_V1.0.1, X-CUBE-GNSS1_V6.0.0, X-CUBE-MEMS1_V9.1.0, X-CUBE-MEMS1_V9.4.0, X-CUBE-MEMS1_V9.6.0, X-CUBE-NFC4_V3.0.0, X-CUBE-NFC7_V1.0.0, X-CUBE-SFXS2LP1_V4.0.0, X-CUBE-SUBG2_V5.0.0]
2023-06-07 04:48:14,266 [WARN] PackLoader:242 - Cannot read IP mode file for STMicroelectronics.X-CUBE-GNSS1.6.0.0
2023-06-07 04:48:14,364 [WARN] PackLoader:242 - Cannot read IP mode file for STMicroelectronics.X-CUBE-AZRTOS-F4.1.1.0
2023-06-07 04:48:14,431 [WARN] PackLoader:242 - Cannot read IP mode file for STMicroelectronics.X-CUBE-SMBUS.2.1.0
2023-06-07 04:48:14,531 [WARN] PackLoader:242 - Cannot read IP mode file for STMicroelectronics.X-CUBE-MEMS1.9.2.0
2023-06-07 04:48:14,770 [WARN] PackLoader:242 - Cannot read IP mode file for STMicroelectronics.X-CUBE-BLEMGR.1.2.0
2023-06-07 04:48:14,813 [WARN] PackLoader:242 - Cannot read IP mode file for STMicroelectronics.X-CUBE-AZRTOS-F7.1.1.0
2023-06-07 04:48:14,962 [WARN] PackLoader:242 - Cannot read IP mode file for STMicroelectronics.X-CUBE-MEMS1.9.6.0
2023-06-07 04:48:15,182 [WARN] PackLoader:242 - Cannot read IP mode file for STMicroelectronics.X-CUBE-AI.7.1.0
2023-06-07 04:48:15,196 [WARN] PackLoader:242 - Cannot read IP mode file for STMicroelectronics.X-CUBE-TOUCHGFX.4.19.1
2023-06-07 04:48:15,209 [ERROR] RealEvaluatedCondition:433 - Found unsupported composite condition: GROUP='STM32_MetaDataManager' CLASS='Data Exchange'
2023-06-07 04:48:15,209 [ERROR] RealEvaluatedCondition:433 - Found unsupported composite condition: GROUP='STM32_MetaDataManager' CLASS='Data Exchange'
2023-06-07 04:48:15,211 [WARN] PackLoader:242 - Cannot read IP mode file for STMicroelectronics.FP-SNS-MOTENV1.4.3.1
2023-06-07 04:48:15,217 [WARN] PackLoader:242 - Cannot read IP mode file for STMicroelectronics.FP-SNS-FLIGHT1.5.0.1
2023-06-07 04:48:15,234 [WARN] PackLoader:242 - Cannot read IP mode file for STMicroelectronics.X-CUBE-BLE1.6.2.3
2023-06-07 04:48:15,246 [WARN] PackLoader:242 - Cannot read IP mode file for STMicroelectronics.X-CUBE-BLE1.6.2.4
2023-06-07 04:48:15,264 [WARN] PackLoader:242 - Cannot read IP mode file for STMicroelectronics.X-CUBE-BLEMGR.2.0.0
2023-06-07 04:48:15,280 [WARN] PackLoader:242 - Cannot read IP mode file for STMicroelectronics.X-CUBE-BLE1.6.2.2
2023-06-07 04:48:15,297 [WARN] PackLoader:242 - Cannot read IP mode file for STMicroelectronics.X-CUBE-NFC4.2.0.5
2023-06-07 04:48:15,312 [WARN] PackLoader:242 - Cannot read IP mode file for STMicroelectronics.X-CUBE-NFC4.2.0.4
2023-06-07 04:48:15,326 [WARN] PackLoader:242 - Cannot read IP mode file for STMicroelectronics.X-CUBE-BLE2.3.2.2
2023-06-07 04:48:15,341 [WARN] PackLoader:242 - Cannot read IP mode file for STMicroelectronics.X-CUBE-NFC4.2.0.3
2023-06-07 04:48:15,372 [WARN] ConditionMgr:437 - getConditionDescription Invalid condition id : UX DEVICE CLASS RTOS Condition cause : null
2023-06-07 04:48:15,372 [WARN] ConditionMgr:437 - getConditionDescription Invalid condition id : UX DEVICE CLASS RTOS Condition cause : null
2023-06-07 04:48:15,383 [WARN] PackLoader:242 - Cannot read IP mode file for STMicroelectronics.X-CUBE-AZRTOS-H7.3.1.0
2023-06-07 04:48:15,383 [WARN] ConditionMgr:1038 - genDependencies : Invalid condition id : UX DEVICE CLASS RTOS Condition cause : null
2023-06-07 04:48:15,384 [WARN] ConditionMgr:1038 - genDependencies : Invalid condition id : UX DEVICE CLASS RTOS Condition cause : null
2023-06-07 04:48:15,384 [WARN] ConditionMgr:1038 - genDependencies : Invalid condition id : UX DEVICE CLASS RTOS Condition cause : null
2023-06-07 04:48:15,385 [WARN] ConditionMgr:1038 - genDependencies : Invalid condition id : UX DEVICE CLASS RTOS Condition cause : null
2023-06-07 04:48:15,385 [WARN] ConditionMgr:1038 - genDependencies : Invalid condition id : UX DEVICE CLASS RTOS Condition cause : null
2023-06-07 04:48:15,406 [WARN] PackLoader:242 - Cannot read IP mode file for STMicroelectronics.X-CUBE-TOF1.3.1.0
2023-06-07 04:48:15,437 [WARN] PackLoader:242 - Cannot read IP mode file for STMicroelectronics.X-CUBE-SFXS2LP1.3.1.0
2023-06-07 04:48:15,453 [WARN] PackLoader:242 - Cannot read IP mode file for wolfSSL.I-CUBE-wolfSSL.5.1.1
2023-06-07 04:48:15,471 [WARN] PackLoader:242 - Cannot read IP mode file for STMicroelectronics.X-CUBE-DISPLAY.3.0.0
2023-06-07 04:48:15,506 [WARN] PackLoader:242 - Cannot read IP mode file for STMicroelectronics.X-CUBE-AZRTOS-F4.1.0.0
2023-06-07 04:48:15,522 [WARN] PackLoader:242 - Cannot read IP mode file for STMicroelectronics.X-CUBE-TOF1.2.0.0
2023-06-07 04:48:15,540 [WARN] PackLoader:242 - Cannot read IP mode file for STMicroelectronics.X-CUBE-NFC7.1.0.0
2023-06-07 04:48:15,563 [WARN] PackLoader:242 - Cannot read IP mode file for STMicroelectronics.X-CUBE-SUBG2.4.2.0
2023-06-07 04:48:15,623 [WARN] PackLoader:242 - Cannot read IP mode file for STMicroelectronics.X-CUBE-MEMS1.9.3.0
2023-06-07 04:48:15,809 [WARN] PackLoader:242 - Cannot read IP mode file for STMicroelectronics.X-CUBE-EEPRMA1.4.1.0
2023-06-07 04:48:15,837 [WARN] PackLoader:242 - Cannot read IP mode file for STMicroelectronics.X-CUBE-AI.7.2.0
2023-06-07 04:48:15,851 [INFO] LogOutputStream:76 - [STDOUT_REDIRECT] 1 : Invalid condition id : UX_CORESTACK_Condition cause : null
2023-06-07 04:48:15,853 [INFO] LogOutputStream:76 - [STDOUT_REDIRECT] 1 : Invalid condition id : UX_CORESTACK_Condition cause : null
2023-06-07 04:48:15,855 [INFO] LogOutputStream:76 - [STDOUT_REDIRECT] 1 : Invalid condition id : UX_CORESTACK_Condition cause : null
2023-06-07 04:48:15,857 [INFO] LogOutputStream:76 - [STDOUT_REDIRECT] 1 : Invalid condition id : UX_CORESTACK_Condition cause : null
2023-06-07 04:48:15,859 [INFO] LogOutputStream:76 - [STDOUT_REDIRECT] 1 : Invalid condition id : UX_CORESTACK_Condition cause : null
2023-06-07 04:48:15,863 [WARN] PackLoader:242 - Cannot read IP mode file for STMicroelectronics.X-CUBE-AZRTOS-WL.2.0.0
2023-06-07 04:48:15,913 [WARN] PackLoader:242 - Cannot read IP mode file for STMicroelectronics.X-CUBE-AZRTOS-G0.1.0.0
2023-06-07 04:48:15,958 [WARN] ConditionMgr:437 - getConditionDescription Invalid condition id : LAN8742 Phy interface Condition cause : null
2023-06-07 04:48:15,958 [WARN] PackLoader:242 - Cannot read IP mode file for STMicroelectronics.X-CUBE-AZRTOS-L4.2.0.0
2023-06-07 04:48:15,960 [WARN] ConditionMgr:1038 - genDependencies : Invalid condition id : LAN8742 Phy interface Condition cause : null
2023-06-07 04:48:15,960 [WARN] ConditionMgr:1038 - genDependencies : Invalid condition id : LAN8742 Phy interface Condition cause : null
2023-06-07 04:48:15,961 [WARN] ConditionMgr:1038 - genDependencies : Invalid condition id : LAN8742 Phy interface Condition cause : null
2023-06-07 04:48:15,978 [WARN] PackLoader:242 - Cannot read IP mode file for WES.I-CUBE-Cesium.1.3.0
2023-06-07 04:48:15,995 [WARN] PackLoader:242 - Cannot read IP mode file for STMicroelectronics.X-CUBE-SFXS2LP1.4.0.0
2023-06-07 04:48:16,008 [WARN] PackLoader:242 - Cannot read IP mode file for STMicroelectronics.X-CUBE-BLE2.3.3.0
2023-06-07 04:48:16,024 [WARN] PackLoader:242 - Cannot read IP mode file for STMicroelectronics.X-CUBE-DISPLAY.2.2.0
2023-06-07 04:48:16,045 [WARN] PackLoader:242 - Cannot read IP mode file for STMicroelectronics.X-CUBE-TOF1.3.2.0
2023-06-07 04:48:16,064 [WARN] PackLoader:242 - Cannot read IP mode file for STMicroelectronics.X-CUBE-TOUCHGFX.4.18.1
2023-06-07 04:48:16,102 [WARN] PackLoader:242 - Cannot read IP mode file for STMicroelectronics.X-CUBE-AZRTOS-H7.3.0.0
2023-06-07 04:48:16,117 [WARN] PackLoader:242 - Cannot read IP mode file for STMicroelectronics.X-CUBE-ISPU.1.0.0
2023-06-07 04:48:16,129 [WARN] PackLoader:242 - Cannot read IP mode file for STMicroelectronics.X-CUBE-ISPU.1.1.0
2023-06-07 04:48:16,147 [WARN] PackLoader:242 - Cannot read IP mode file for RoweBots.I-CUBE-UNISONRTOS.5.5.0-4
2023-06-07 04:48:16,188 [WARN] PackLoader:242 - Cannot read IP mode file for STMicroelectronics.X-CUBE-AZRTOS-H7.2.1.0
2023-06-07 04:48:16,205 [WARN] PackLoader:242 - Cannot read IP mode file for STMicroelectronics.X-CUBE-AI.8.0.0
2023-06-07 04:48:16,218 [WARN] PackLoader:242 - Cannot read IP mode file for STMicroelectronics.X-CUBE-FREERTOS.1.0.0
2023-06-07 04:48:16,231 [WARN] PackLoader:242 - Cannot read IP mode file for STMicroelectronics.X-CUBE-FREERTOS.1.0.1
2023-06-07 04:48:16,243 [WARN] PackLoader:242 - Cannot read IP mode file for STMicroelectronics.X-CUBE-TOUCHGFX.4.21.1
2023-06-07 04:48:16,253 [WARN] PackLoader:242 - Cannot read IP mode file for STMicroelectronics.X-CUBE-TOUCHGFX.4.21.0
2023-06-07 04:48:16,265 [WARN] PackLoader:242 - Cannot read IP mode file for STMicroelectronics.X-CUBE-TOUCHGFX.4.21.3
2023-06-07 04:48:16,280 [WARN] PackLoader:242 - Cannot read IP mode file for STMicroelectronics.X-CUBE-TOUCHGFX.4.21.4
2023-06-07 04:48:16,346 [WARN] PackLoader:242 - Cannot read IP mode file for STMicroelectronics.X-CUBE-MEMS1.9.4.0
2023-06-07 04:48:16,726 [WARN] PackLoader:242 - Cannot read IP mode file for STMicroelectronics.X-CUBE-AI.7.3.0
2023-06-07 04:48:16,772 [WARN] PackLoader:242 - Cannot read IP mode file for STMicroelectronics.X-CUBE-ALGOBUILD.1.3.0
2023-06-07 04:48:16,813 [WARN] PackLoader:242 - Cannot read IP mode file for STMicroelectronics.X-CUBE-AZRTOS-L5.1.1.0
2023-06-07 04:48:16,852 [WARN] PackLoader:242 - Cannot read IP mode file for STMicroelectronics.X-CUBE-AZRTOS-G0.1.1.0
2023-06-07 04:48:16,868 [WARN] PackLoader:242 - Cannot read IP mode file for STMicroelectronics.X-CUBE-AI.8.0.1
2023-06-07 04:48:16,889 [WARN] PackLoader:242 - Cannot read IP mode file for STMicroelectronics.X-CUBE-SUBG2.5.0.0
2023-06-07 04:48:16,912 [WARN] PackLoader:242 - Cannot read IP mode file for STMicroelectronics.X-CUBE-NFC4.3.0.0
2023-06-07 04:48:16,966 [WARN] PackLoader:242 - Cannot read IP mode file for SEGGER.I-CUBE-embOS.1.2.0
2023-06-07 04:48:17,036 [WARN] PackLoader:242 - Cannot read IP mode file for STMicroelectronics.X-CUBE-DISPLAY.2.1.0
2023-06-07 04:48:17,065 [WARN] PackLoader:242 - Cannot read IP mode file for STMicroelectronics.X-CUBE-AZRTOS-G4.2.0.0
2023-06-07 04:48:17,090 [WARN] PackLoader:242 - Cannot read IP mode file for STMicroelectronics.X-CUBE-TOF1.3.3.0
2023-06-07 04:48:17,112 [WARN] PackLoader:242 - Cannot read IP mode file for STMicroelectronics.FP-ATR-ASTRA1.1.1.1
2023-06-07 04:48:17,125 [WARN] PackLoader:242 - Cannot read IP mode file for STMicroelectronics.FP-ATR-ASTRA1.1.1.0
2023-06-07 04:48:17,139 [WARN] PackLoader:242 - Cannot read IP mode file for STMicroelectronics.X-CUBE-BLEMGR.1.3.0
2023-06-07 04:48:17,173 [WARN] PackLoader:242 - Cannot read IP mode file for STMicroelectronics.X-CUBE-AZRTOS-H7.2.0.0
2023-06-07 04:48:17,199 [WARN] PackLoader:242 - Cannot read IP mode file for STMicroelectronics.X-CUBE-AZRTOS-G4.1.0.0
2023-06-07 04:48:17,207 [WARN] PackLoader:242 - Cannot read IP mode file for STMicroelectronics.FP-ATR-SIGFOX1.3.2.0
2023-06-07 04:48:17,239 [WARN] PackLoader:242 - Cannot read IP mode file for STMicroelectronics.X-CUBE-AZRTOS-L4.1.0.0
2023-06-07 04:48:17,260 [WARN] PackLoader:242 - Cannot read IP mode file for emotas.I-CUBE-CANOPEN.1.1.2
2023-06-07 04:48:17,273 [WARN] PackLoader:242 - Cannot read IP mode file for STMicroelectronics.X-CUBE-TOUCHGFX.4.20.0
2023-06-07 04:48:17,324 [WARN] PackLoader:242 - Cannot read IP mode file for STMicroelectronics.X-CUBE-AZRTOS-F7.1.0.0
2023-06-07 04:48:17,362 [WARN] PackLoader:242 - Cannot read IP mode file for STMicroelectronics.X-CUBE-AZRTOS-WL.1.0.0
2023-06-07 04:48:17,367 [INFO] ApiDb:239 - Found 138 in-development CPN: [B-WB1M-WPAN1, NUCLEO-C031C6, STEVAL-STWINBX1, STM320518-EVAL, STM32C0116-DK, STM32C011D6Y3TR, STM32C011D6Y6TR, STM32C011F4P3, STM32C011F4P6, STM32C011F4U3, STM32C011F4U6TR, STM32C011F6P3, STM32C011F6P6, STM32C011F6U3, STM32C011F6U6TR, STM32C011J4M3, STM32C011J4M6, STM32C011J6M3, STM32C011J6M6, STM32C0316-DK, STM32C031C4T3, STM32C031C4T6, STM32C031C4U3, STM32C031C4U6, STM32C031C6T3, STM32C031C6T6, STM32C031C6U3, STM32C031C6U6, STM32C031F4P3, STM32C031F4P6, STM32C031F6P3, STM32C031F6P6, STM32C031G4U3, STM32C031G4U6, STM32C031G6U3, STM32C031G6U6, STM32C031K4T3, STM32C031K4T6, STM32C031K4U3, STM32C031K4U6, STM32C031K6T3, STM32C031K6T6, STM32C031K6U3, STM32C031K6U6, STM32G071K8TXN, STM32G071K8UXN, STM32G081GBU6N, STM32G081KBT6N, STM32G081KBUXN, STM32G0B1CCT6N, STM32G0B1KCT6, STM32G0B1NEY6TR, STM32G0B1RCT6N, STM32G0C1CCT6, STM32G0C1CCT6N, STM32G0C1CCU6N, STM32G0C1CET6N, STM32G0C1CEU6N, STM32G0C1KCT6, STM32G0C1NEY6TR, STM32G0C1RCI6N, STM32G0C1RCT6N, STM32G0C1REI6N, STM32G0C1RET6N, STM32G0C1VCI6, STM32G0C1VEI6, STM32G471CCT6, STM32G471CCU6, STM32G471CET3, STM32G471CET6, STM32G471CEU3, STM32G471CEU6, STM32G471MCT6, STM32G471MET3, STM32G471MET6, STM32G471MEY6TR, STM32G471QCT6, STM32G471QET3, STM32G471RCT6, STM32G471RET3, STM32G471RET6, STM32G471VCH6, STM32G471VCI6, STM32G471VCT6, STM32G471VEH3, STM32G471VEH6, STM32G471VEI3, STM32G471VEI6, STM32G471VET3, STM32G471VET6, STM32G474CCT6, STM32L476VGY6PTR, STM32L4R5QGI6STR, STM32MP131AAE3, STM32MP131AAF3, STM32MP131AAG3, STM32MP131CAE3, STM32MP131CAF3, STM32MP131CAG3, STM32MP131DAE7, STM32MP131DAF7, STM32MP131DAG7, STM32MP131FAE7, STM32MP131FAF7, STM32MP131FAG7, STM32MP133AAE3, STM32MP133AAF3, STM32MP133AAG3, STM32MP133CAE3, STM32MP133CAF3, STM32MP133CAG3, STM32MP133DAE7, STM32MP133DAF7, STM32MP133DAG7, STM32MP133FAE7, STM32MP133FAF7, STM32MP133FAG7, STM32MP135AAE3, STM32MP135AAF3, STM32MP135AAG3, STM32MP135CAE3, STM32MP135CAF3, STM32MP135CAG3, STM32MP135DAE7, STM32MP135DAF7, STM32MP135DAG7, STM32MP135F-DK, STM32MP135FAE7, STM32MP135FAF7, STM32MP135FAG7, STM32U595ZJT6Q, STM32U599BJY6QTR, STM32U599NIH6Q, STM32U599NJH6Q, STM32U5A5ZJT6Q, STM32U5A9BJY6QTR, STM32U5A9NJH6Q, STM32WB1MMCH6]
2023-06-07 04:48:17,377 [INFO] DbMcus:215 - Found 3678 MCUs, 3678 are supported
2023-06-07 04:48:17,389 [INFO] ApiDb:418 - Load user favorites file C:\Users\nguye/.stm32cubeide/favorites.mcus.txt: 7 item(s)
2023-06-07 04:48:17,389 [INFO] ApiDb:422 - User favorites MCUs=[STM32F103C8T6, STM32F103C8T6TR, STM32F103C8T7, STM32F103C8T7TR, STM32F411CEU6, STM32F411CEU6TR, STM32F411CEU7]
2023-06-07 04:48:17,390 [INFO] DbMcus:221 - Set 7 / 7 favorites MCUs
2023-06-07 04:48:17,395 [INFO] ApiDb:663 - CubeFinder database Data Model version=2.1
2023-06-07 04:48:17,395 [INFO] ApiDb:664 - CubeFinder database Configuration version=3.0.35
2023-06-07 04:48:17,395 [INFO] ApiDb:665 - CubeFinder database generation date=2023-05-12 (1683877179)
2023-06-07 04:48:17,395 [INFO] ApiDb:666 - CubeFinder database FW Pack versions=[FP-ATR-ASTRA1_V2.0.0, FP-SNS-FLIGHT1_V5.0.0, FP-SNS-MOTENV1_V4.3.0, STM32Cube_FW_C0_V1.0.1, STM32Cube_FW_F0_V1.11.4, STM32Cube_FW_F3_V1.11.4, STM32Cube_FW_F4_V1.27.1, STM32Cube_FW_F7_V1.17.0, STM32Cube_FW_G0_V1.6.1, STM32Cube_FW_G4_V1.5.1, STM32Cube_FW_H5_V0.5.1, STM32Cube_FW_H5_V1.0.0, STM32Cube_FW_H7_V1.11.0, STM32Cube_FW_L0_V1.12.2, STM32Cube_FW_L5_V1.5.0, STM32Cube_FW_U5_V1.2.0, STM32Cube_FW_WBA_V1.0.0, STM32Cube_FW_WBA_V1.0.0RC1, STM32Cube_FW_WBA_V1.0.0RC3, STM32Cube_FW_WB_V1.15.0RC1, STM32Cube_FW_WB_V1.16.0, STM32Cube_FW_WB_V1.16.0RC2, STM32Cube_FW_WL_V1.3.0, X-CUBE-ALGOBUILD_V1.3.0, X-CUBE-ALS_V1.0.1, X-CUBE-AZRTOS-F4_V1.1.0, X-CUBE-AZRTOS-F7_V1.1.0, X-CUBE-AZRTOS-G0_V1.1.0, X-CUBE-AZRTOS-G4_V2.0.0, X-CUBE-AZRTOS-H7_V3.1.0, X-CUBE-AZRTOS-L4_V1.0.0, X-CUBE-AZRTOS-L5_V1.1.0, X-CUBE-AZRTOS-WB_V1.1.0, X-CUBE-AZRTOS-WL_V1.0.0, X-CUBE-BLE1_V6.2.4, X-CUBE-BLE2_V3.3.0, X-CUBE-BLEMGR_V2.0.0, X-CUBE-EEPRMA1_V4.1.0, X-CUBE-FREERTOS_V1.0.1, X-CUBE-GNSS1_V6.0.0, X-CUBE-MEMS1_V9.1.0, X-CUBE-MEMS1_V9.4.0, X-CUBE-MEMS1_V9.6.0, X-CUBE-NFC4_V3.0.0, X-CUBE-NFC7_V1.0.0, X-CUBE-SFXS2LP1_V4.0.0, X-CUBE-SUBG2_V5.0.0]
2023-06-07 04:48:17,443 [WARN] PackLoader:242 - Cannot read IP mode file for STMicroelectronics.X-CUBE-MEMS1.9.1.0
2023-06-07 04:48:17,534 [INFO] DbBoardsSqlite:227 - include board P-NUCLEO-WB55-NUCLEO as a kit item of type 'Nucleo-64'
2023-06-07 04:48:17,535 [INFO] DbBoardsSqlite:227 - include board P-NUCLEO-WB55-USBDONGLE as a kit item of type 'Nucleo USB Dongle'
2023-06-07 04:48:17,535 [INFO] DbBoardsSqlite:227 - include board STEVAL-IDP005V1 as a kit item of type 'Evaluation Board'
2023-06-07 04:48:17,535 [INFO] DbBoardsSqlite:227 - include board STEVAL-IDP005V2 as a kit item of type 'Evaluation Board'
2023-06-07 04:48:17,618 [WARN] PackLoader:242 - Cannot read IP mode file for portGmbH.I-Cube-SoM-uGOAL.1.1.0
2023-06-07 04:48:17,636 [WARN] PackLoader:242 - Cannot read IP mode file for STMicroelectronics.X-CUBE-ALS.1.0.1
2023-06-07 04:48:17,662 [INFO] ApiDb:239 - Found 138 in-development CPN: [B-WB1M-WPAN1, NUCLEO-C031C6, STEVAL-STWINBX1, STM320518-EVAL, STM32C0116-DK, STM32C011D6Y3TR, STM32C011D6Y6TR, STM32C011F4P3, STM32C011F4P6, STM32C011F4U3, STM32C011F4U6TR, STM32C011F6P3, STM32C011F6P6, STM32C011F6U3, STM32C011F6U6TR, STM32C011J4M3, STM32C011J4M6, STM32C011J6M3, STM32C011J6M6, STM32C0316-DK, STM32C031C4T3, STM32C031C4T6, STM32C031C4U3, STM32C031C4U6, STM32C031C6T3, STM32C031C6T6, STM32C031C6U3, STM32C031C6U6, STM32C031F4P3, STM32C031F4P6, STM32C031F6P3, STM32C031F6P6, STM32C031G4U3, STM32C031G4U6, STM32C031G6U3, STM32C031G6U6, STM32C031K4T3, STM32C031K4T6, STM32C031K4U3, STM32C031K4U6, STM32C031K6T3, STM32C031K6T6, STM32C031K6U3, STM32C031K6U6, STM32G071K8TXN, STM32G071K8UXN, STM32G081GBU6N, STM32G081KBT6N, STM32G081KBUXN, STM32G0B1CCT6N, STM32G0B1KCT6, STM32G0B1NEY6TR, STM32G0B1RCT6N, STM32G0C1CCT6, STM32G0C1CCT6N, STM32G0C1CCU6N, STM32G0C1CET6N, STM32G0C1CEU6N, STM32G0C1KCT6, STM32G0C1NEY6TR, STM32G0C1RCI6N, STM32G0C1RCT6N, STM32G0C1REI6N, STM32G0C1RET6N, STM32G0C1VCI6, STM32G0C1VEI6, STM32G471CCT6, STM32G471CCU6, STM32G471CET3, STM32G471CET6, STM32G471CEU3, STM32G471CEU6, STM32G471MCT6, STM32G471MET3, STM32G471MET6, STM32G471MEY6TR, STM32G471QCT6, STM32G471QET3, STM32G471RCT6, STM32G471RET3, STM32G471RET6, STM32G471VCH6, STM32G471VCI6, STM32G471VCT6, STM32G471VEH3, STM32G471VEH6, STM32G471VEI3, STM32G471VEI6, STM32G471VET3, STM32G471VET6, STM32G474CCT6, STM32L476VGY6PTR, STM32L4R5QGI6STR, STM32MP131AAE3, STM32MP131AAF3, STM32MP131AAG3, STM32MP131CAE3, STM32MP131CAF3, STM32MP131CAG3, STM32MP131DAE7, STM32MP131DAF7, STM32MP131DAG7, STM32MP131FAE7, STM32MP131FAF7, STM32MP131FAG7, STM32MP133AAE3, STM32MP133AAF3, STM32MP133AAG3, STM32MP133CAE3, STM32MP133CAF3, STM32MP133CAG3, STM32MP133DAE7, STM32MP133DAF7, STM32MP133DAG7, STM32MP133FAE7, STM32MP133FAF7, STM32MP133FAG7, STM32MP135AAE3, STM32MP135AAF3, STM32MP135AAG3, STM32MP135CAE3, STM32MP135CAF3, STM32MP135CAG3, STM32MP135DAE7, STM32MP135DAF7, STM32MP135DAG7, STM32MP135F-DK, STM32MP135FAE7, STM32MP135FAF7, STM32MP135FAG7, STM32U595ZJT6Q, STM32U599BJY6QTR, STM32U599NIH6Q, STM32U599NJH6Q, STM32U5A5ZJT6Q, STM32U5A9BJY6QTR, STM32U5A9NJH6Q, STM32WB1MMCH6]
2023-06-07 04:48:17,695 [WARN] PackLoader:242 - Cannot read IP mode file for STMicroelectronics.X-CUBE-MEMS1.9.5.0
2023-06-07 04:48:17,887 [INFO] BoardInfo:879 - No configuration file found for board P-NUCLEO-WB55
2023-06-07 04:48:17,888 [INFO] DbBoards:156 - Kit is not supported: P-NUCLEO-WB55
2023-06-07 04:48:17,896 [INFO] BoardInfo:879 - No configuration file found for board STEVAL-BFA001V1B
2023-06-07 04:48:17,896 [INFO] DbBoards:156 - Kit is not supported: STEVAL-BFA001V1B
2023-06-07 04:48:17,897 [WARN] PackLoader:242 - Cannot read IP mode file for STMicroelectronics.X-CUBE-AZRTOS-WB.1.1.0
2023-06-07 04:48:17,899 [INFO] BoardInfo:879 - No configuration file found for board STEVAL-BFA001V2B
2023-06-07 04:48:17,899 [INFO] DbBoards:156 - Kit is not supported: STEVAL-BFA001V2B
2023-06-07 04:48:17,906 [INFO] BoardInfo:879 - No configuration file found for board STEVAL-PROTEUS1
2023-06-07 04:48:17,906 [INFO] DbBoards:156 - Board is not supported: STEVAL-PROTEUS1
2023-06-07 04:48:17,942 [WARN] PackLoader:242 - Cannot read IP mode file for SEGGER.I-CUBE-embOS.1.3.1
2023-06-07 04:48:18,011 [WARN] PackLoader:242 - Cannot read IP mode file for STMicroelectronics.X-CUBE-AZRTOS-L5.1.0.0
2023-06-07 04:48:18,027 [WARN] PackLoader:242 - Cannot read IP mode file for STMicroelectronics.X-CUBE-EEPRMA1.3.1.0
2023-06-07 04:48:18,041 [WARN] PackLoader:242 - Cannot read IP mode file for STMicroelectronics.X-CUBE-EEPRMA1.3.1.1
2023-06-07 04:48:18,054 [WARN] PackLoader:242 - Cannot read IP mode file for STMicroelectronics.X-CUBE-GNSS1.5.2.0
2023-06-07 04:48:18,059 [WARN] PackLoader:242 - Cannot read IP mode file for STMicroelectronics.FP-ATR-ASTRA1.2.0.0
2023-06-07 04:48:18,073 [WARN] PackLoader:242 - Cannot read IP mode file for STMicroelectronics.X-CUBE-DISPLAY.2.0.1
2023-06-07 04:48:18,074 [INFO] DbBoards:160 - Found 178 boards, 174 are supported
2023-06-07 04:48:18,081 [INFO] ApiDb:418 - Load user favorites file C:\Users\nguye/.stm32cubeide/favorites.boards.txt: 0 item(s)
2023-06-07 04:48:18,081 [INFO] ApiDb:422 - User favorites Boards=[]
2023-06-07 04:48:18,082 [INFO] DbBoards:189 - Set 0 / 0 favorites Boards
2023-06-07 04:48:18,085 [INFO] ApiDb:663 - CubeFinder database Data Model version=2.1
2023-06-07 04:48:18,085 [INFO] ApiDb:664 - CubeFinder database Configuration version=3.0.35
2023-06-07 04:48:18,085 [INFO] ApiDb:665 - CubeFinder database generation date=2023-05-12 (1683877179)
2023-06-07 04:48:18,085 [INFO] ApiDb:666 - CubeFinder database FW Pack versions=[FP-ATR-ASTRA1_V2.0.0, FP-SNS-FLIGHT1_V5.0.0, FP-SNS-MOTENV1_V4.3.0, STM32Cube_FW_C0_V1.0.1, STM32Cube_FW_F0_V1.11.4, STM32Cube_FW_F3_V1.11.4, STM32Cube_FW_F4_V1.27.1, STM32Cube_FW_F7_V1.17.0, STM32Cube_FW_G0_V1.6.1, STM32Cube_FW_G4_V1.5.1, STM32Cube_FW_H5_V0.5.1, STM32Cube_FW_H5_V1.0.0, STM32Cube_FW_H7_V1.11.0, STM32Cube_FW_L0_V1.12.2, STM32Cube_FW_L5_V1.5.0, STM32Cube_FW_U5_V1.2.0, STM32Cube_FW_WBA_V1.0.0, STM32Cube_FW_WBA_V1.0.0RC1, STM32Cube_FW_WBA_V1.0.0RC3, STM32Cube_FW_WB_V1.15.0RC1, STM32Cube_FW_WB_V1.16.0, STM32Cube_FW_WB_V1.16.0RC2, STM32Cube_FW_WL_V1.3.0, X-CUBE-ALGOBUILD_V1.3.0, X-CUBE-ALS_V1.0.1, X-CUBE-AZRTOS-F4_V1.1.0, X-CUBE-AZRTOS-F7_V1.1.0, X-CUBE-AZRTOS-G0_V1.1.0, X-CUBE-AZRTOS-G4_V2.0.0, X-CUBE-AZRTOS-H7_V3.1.0, X-CUBE-AZRTOS-L4_V1.0.0, X-CUBE-AZRTOS-L5_V1.1.0, X-CUBE-AZRTOS-WB_V1.1.0, X-CUBE-AZRTOS-WL_V1.0.0, X-CUBE-BLE1_V6.2.4, X-CUBE-BLE2_V3.3.0, X-CUBE-BLEMGR_V2.0.0, X-CUBE-EEPRMA1_V4.1.0, X-CUBE-FREERTOS_V1.0.1, X-CUBE-GNSS1_V6.0.0, X-CUBE-MEMS1_V9.1.0, X-CUBE-MEMS1_V9.4.0, X-CUBE-MEMS1_V9.6.0, X-CUBE-NFC4_V3.0.0, X-CUBE-NFC7_V1.0.0, X-CUBE-SFXS2LP1_V4.0.0, X-CUBE-SUBG2_V5.0.0]
2023-06-07 04:48:18,089 [WARN] PackLoader:242 - Cannot read IP mode file for STMicroelectronics.X-CUBE-TOF1.3.0.0
2023-06-07 04:48:18,092 [INFO] ThirdParty:929 - Integrity check success = true
2023-06-07 04:48:18,092 [INFO] IntegrityCheckThread:98 - exiting critical section [integrity check]
2023-06-07 04:48:18,092 [INFO] IntegrityCheckThread:101 - End integrity checks thread
2023-06-07 04:48:19,207 [INFO] DbExamplesSqlite:374 - Ignored 45 examples not supported by CubeIDE
2023-06-07 04:48:19,207 [INFO] DbExamplesSqlite:375 - Found 7342 examples active
2023-06-07 04:48:19,207 [INFO] DbExamplesSqlite:376 - Found 1107 examples obsolete
2023-06-07 04:48:19,208 [INFO] DbExamplesSqlite:377 - Found 0 examples under development
2023-06-07 04:48:19,208 [INFO] DbExamplesSqlite:378 - Found 77 examples not building
2023-06-07 04:48:19,209 [INFO] DbExamples:124 - Found 7374 examples
2023-06-07 04:48:19,294 [ERROR] DbExamples:207 - Found 516 examples with invalid data (board or MCU)
2023-06-07 04:48:19,295 [INFO] DbExamples:221 - Found 84 boards with related examples
2023-06-07 04:48:19,296 [INFO] DbExamples:234 - Found 75 MCUs with related examples
2023-06-07 04:48:19,318 [INFO] ApiDb:418 - Load user favorites file C:\Users\nguye/.stm32cubeide/favorites.examples.txt: 0 item(s)
2023-06-07 04:48:19,318 [INFO] ApiDb:422 - User favorites Examples=[]
2023-06-07 04:48:19,318 [INFO] DbExamples:249 - Set 0 / 0 favorites Examples
2023-06-07 04:48:19,605 [INFO] McuFinderGlobals:57 - Set McuFinderConnectedMode to true
2023-06-07 04:48:19,613 [INFO] MultiScanPanel:195 - Auto-refresh data requested => check proxy status ongoing
2023-06-07 04:48:19,617 [INFO] FinderPluginLoader:92 - Searching for filters in installed packs
2023-06-07 04:48:21,027 [INFO] LoadUrlFilesThread:177 - End of LoadServerUrlFiles without Thread
2023-06-07 04:48:21,038 [INFO] DetailPanel:339 - Set advertising image to C:/Users/nguye/STM32Cube/Repository/\en.prom-stm32h5-mcu-finder.jpg
2023-06-07 04:48:22,042 [INFO] ToolPreferences:109 - Table McuList, key=mcufinder_cubeide.mculist: column name not found=IO
2023-06-07 04:48:22,042 [INFO] ToolPreferences:109 - Table McuList, key=mcufinder_cubeide.mculist: column name not found=Freq.
2023-06-07 04:48:40,752 [INFO] McuResultTable:1384 - Mark MCU STM32F405RGT6 as favorite
2023-06-07 04:48:55,469 [INFO] MainUpdater:2768 - connection check result : 10
2023-06-07 04:48:55,470 [INFO] MainUpdater:2768 - connection check result : 10
2023-06-07 04:48:55,510 [INFO] MicroXplorer:451 - Change Database Path : 
2023-06-07 04:48:55,510 [INFO] MicroXplorer:481 - Change Database Version : DB.6.0.60
2023-06-07 04:48:55,511 [WARN] ThirdParty:827 - waiting for thirdparty lock release [close project]
2023-06-07 04:48:55,511 [INFO] ThirdParty:829 - entering critical section [close project]
2023-06-07 04:48:55,512 [INFO] ThirdParty:839 - exiting critical section [close project]
2023-06-07 04:48:55,517 [INFO] PinOutPanel:1468 - setPackage(No Configuration,No Configuration)
2023-06-07 04:48:55,524 [INFO] UtilMem:74 - Begin LoadConfig() Used Memory: 276171800 Bytes (466616320)
2023-06-07 04:48:55,525 [INFO] MicroXplorer:451 - Change Database Path : 
2023-06-07 04:48:55,525 [INFO] MicroXplorer:481 - Change Database Version : DB.6.0.60
2023-06-07 04:48:55,526 [INFO] OpenFileManager:307 - Change cursor
2023-06-07 04:48:55,586 [INFO] Mcu:1922 - Initializing MCU STM32F405RGTx STM32F405RGTx 
2023-06-07 04:48:55,588 [INFO] Mcu:1935 - No CPN specified => set CPN to STM32F405RGT6
2023-06-07 04:48:57,689 [INFO] Context:654 - Trying to add GPIOservice into a context  which must be forbidden
2023-06-07 04:48:58,195 [INFO] ImportTextPane:193 - (OptionalMessage_ERROR) Unable to find key (Mcu.ThirdPartyNb) in loaded IOC file
2023-06-07 04:48:58,195 [INFO] ImportTextPane:193 - (OptionalMessage_ERROR) Unable to find key (Mcu.PinsNb) in loaded IOC file
2023-06-07 04:48:58,195 [INFO] ImportTextPane:193 - (OptionalMessage_ERROR) Unable to find key (Mcu.IPNb) in loaded IOC file
2023-06-07 04:48:58,270 [WARN] ApiManager:308 - Cannot register API 'Board Extension:GNSS1A1' from pack STMicroelectronics.X-CUBE-GNSS1.6.0.0: no header file found
2023-06-07 04:48:58,271 [WARN] ApiManager:308 - Cannot register API 'Board Support:Custom' from pack STMicroelectronics.X-CUBE-GNSS1.6.0.0: no header file found
2023-06-07 04:48:58,271 [WARN] ApiManager:308 - Cannot register API 'Data Exchange:lib_gnss' from pack STMicroelectronics.X-CUBE-GNSS1.6.0.0: no header file found
2023-06-07 04:48:58,595 [WARN] ApiManager:308 - Cannot register API 'Board Extension:IKS01A3' from pack STMicroelectronics.X-CUBE-MEMS1.9.2.0: no header file found
2023-06-07 04:48:58,596 [WARN] ApiManager:308 - Cannot register API 'Board Extension:IKS01A2' from pack STMicroelectronics.X-CUBE-MEMS1.9.2.0: no header file found
2023-06-07 04:48:58,596 [WARN] ApiManager:308 - Cannot register API 'Board Extension:IKS02A1' from pack STMicroelectronics.X-CUBE-MEMS1.9.2.0: no header file found
2023-06-07 04:48:58,748 [WARN] ApiManager:308 - Cannot register API 'Board Extension:IKS01A3' from pack STMicroelectronics.X-CUBE-MEMS1.9.6.0: no header file found
2023-06-07 04:48:58,748 [WARN] ApiManager:308 - Cannot register API 'Board Extension:IKS01A2' from pack STMicroelectronics.X-CUBE-MEMS1.9.6.0: no header file found
2023-06-07 04:48:58,749 [WARN] ApiManager:308 - Cannot register API 'Board Extension:IKS02A1' from pack STMicroelectronics.X-CUBE-MEMS1.9.6.0: no header file found
2023-06-07 04:48:58,755 [WARN] ApiManager:308 - Cannot register API 'Wireless:BlueNRG-MS' from pack STMicroelectronics.X-CUBE-BLE1.6.2.3: no header file found
2023-06-07 04:48:58,755 [WARN] ApiManager:308 - Cannot register API 'Wireless:BlueNRG-MS' from pack STMicroelectronics.X-CUBE-BLE1.6.2.4: no header file found
2023-06-07 04:48:58,757 [INFO] RtosManager:488 - Registered RTOS mode: class=CMSIS, group=RTOS, mode=CMSIS_V1, owner=FREERTOS
2023-06-07 04:48:58,758 [INFO] RtosManager:488 - Registered RTOS mode: class=CMSIS, group=RTOS2, mode=CMSIS_V2, owner=FREERTOS
2023-06-07 04:48:58,758 [INFO] RtosManager:488 - Registered RTOS mode: class=RTOS, group=Core, mode=CMSIS_V1, owner=FREERTOS
2023-06-07 04:48:58,758 [INFO] RtosManager:488 - Registered RTOS mode: class=RTOS, group=Core, mode=CMSIS_V2, owner=FREERTOS
2023-06-07 04:48:58,758 [WARN] ModelIntegratedComponent:185 - Missing modes for component STMicroelectronics:FreeRTOS:0.0.1:STMicroelectronics:RTOS:FreeRTOS:Core:::10.2.0:
2023-06-07 04:48:58,759 [WARN] ApiManager:308 - Cannot register API 'Wireless:BlueNRG-MS' from pack STMicroelectronics.X-CUBE-BLE1.6.2.2: no header file found
2023-06-07 04:48:58,760 [WARN] ApiManager:308 - Cannot register API 'Board Extension:NFC04A1' from pack STMicroelectronics.X-CUBE-NFC4.2.0.5: no header file found
2023-06-07 04:48:58,761 [WARN] ApiManager:308 - Cannot register API 'Board Extension:NFC04A1' from pack STMicroelectronics.X-CUBE-NFC4.2.0.4: no header file found
2023-06-07 04:48:58,762 [WARN] ApiManager:308 - Cannot register API 'Wireless:BlueNRG-2' from pack STMicroelectronics.X-CUBE-BLE2.3.2.2: no header file found
2023-06-07 04:48:58,762 [WARN] ApiManager:308 - Cannot register API 'Board Extension:NFC04A1' from pack STMicroelectronics.X-CUBE-NFC4.2.0.3: no header file found
2023-06-07 04:48:58,766 [WARN] ApiManager:308 - Cannot register API 'Board Extension:S2868A1' from pack STMicroelectronics.X-CUBE-SFXS2LP1.3.1.0: no header file found
2023-06-07 04:48:58,766 [WARN] ApiManager:308 - Cannot register API 'Board Extension:S2868A2' from pack STMicroelectronics.X-CUBE-SFXS2LP1.3.1.0: no header file found
2023-06-07 04:48:58,766 [WARN] ApiManager:308 - Cannot register API 'Board Extension:S2915A1' from pack STMicroelectronics.X-CUBE-SFXS2LP1.3.1.0: no header file found
2023-06-07 04:48:58,772 [WARN] ModelIntegratedComponent:64 - No mode defined for component null
2023-06-07 04:48:58,773 [WARN] ModelIntegratedComponent:64 - No mode defined for component null
2023-06-07 04:48:58,773 [WARN] ModelIntegratedComponent:64 - No mode defined for component null
2023-06-07 04:48:58,773 [WARN] ModelIntegratedComponent:64 - No mode defined for component null
2023-06-07 04:48:58,773 [WARN] ModelIntegratedComponent:64 - No mode defined for component null
2023-06-07 04:48:58,773 [WARN] ModelIntegratedComponent:64 - No mode defined for component null
2023-06-07 04:48:58,773 [WARN] ModelIntegratedComponent:64 - No mode defined for component null
2023-06-07 04:48:58,773 [WARN] ModelIntegratedComponent:64 - No mode defined for component null
2023-06-07 04:48:58,773 [WARN] ModelIntegratedComponent:64 - No mode defined for component null
2023-06-07 04:48:58,773 [WARN] ModelIntegratedComponent:64 - No mode defined for component null
2023-06-07 04:48:58,773 [WARN] ModelIntegratedComponent:64 - No mode defined for component null
2023-06-07 04:48:58,773 [WARN] ModelIntegratedComponent:64 - No mode defined for component null
2023-06-07 04:48:58,774 [WARN] ModelIntegratedComponent:64 - No mode defined for component null
2023-06-07 04:48:58,774 [WARN] ModelIntegratedComponent:64 - No mode defined for component null
2023-06-07 04:48:58,774 [WARN] ModelIntegratedComponent:64 - No mode defined for component null
2023-06-07 04:48:58,774 [WARN] ModelIntegratedComponent:64 - No mode defined for component null
2023-06-07 04:48:58,774 [WARN] ModelIntegratedComponent:64 - No mode defined for component null
2023-06-07 04:48:58,774 [WARN] ModelIntegratedComponent:64 - No mode defined for component null
2023-06-07 04:48:58,774 [WARN] ModelIntegratedComponent:64 - No mode defined for component null
2023-06-07 04:48:58,774 [WARN] ModelIntegratedComponent:64 - No mode defined for component null
2023-06-07 04:48:58,774 [WARN] ModelIntegratedComponent:64 - No mode defined for component null
2023-06-07 04:48:58,775 [WARN] ModelIntegratedComponent:64 - No mode defined for component null
2023-06-07 04:48:58,775 [WARN] ModelIntegratedComponent:64 - No mode defined for component null
2023-06-07 04:48:58,775 [WARN] ModelIntegratedComponent:64 - No mode defined for component null
2023-06-07 04:48:58,775 [WARN] ModelIntegratedComponent:64 - No mode defined for component null
2023-06-07 04:48:58,775 [WARN] ModelIntegratedComponent:64 - No mode defined for component null
2023-06-07 04:48:58,775 [WARN] ModelIntegratedComponent:64 - No mode defined for component null
2023-06-07 04:48:58,775 [WARN] ModelIntegratedComponent:64 - No mode defined for component null
2023-06-07 04:48:58,775 [WARN] ModelIntegratedComponent:64 - No mode defined for component null
2023-06-07 04:48:58,775 [WARN] ModelIntegratedComponent:64 - No mode defined for component null
2023-06-07 04:48:58,775 [WARN] ModelIntegratedComponent:64 - No mode defined for component null
2023-06-07 04:48:58,775 [WARN] ModelIntegratedComponent:64 - No mode defined for component null
2023-06-07 04:48:58,775 [WARN] ModelIntegratedComponent:64 - No mode defined for component null
2023-06-07 04:48:58,777 [WARN] ApiManager:308 - Cannot register API 'Board Extension:NFC07A1' from pack STMicroelectronics.X-CUBE-NFC7.1.0.0: no header file found
2023-06-07 04:48:58,780 [WARN] ApiManager:308 - Cannot register API 'Board Extension:S2868A1' from pack STMicroelectronics.X-CUBE-SUBG2.4.2.0: no header file found
2023-06-07 04:48:58,780 [WARN] ApiManager:308 - Cannot register API 'Board Extension:S2868A2' from pack STMicroelectronics.X-CUBE-SUBG2.4.2.0: no header file found
2023-06-07 04:48:58,780 [WARN] ApiManager:308 - Cannot register API 'Board Extension:S2915A1' from pack STMicroelectronics.X-CUBE-SUBG2.4.2.0: no header file found
2023-06-07 04:48:58,905 [WARN] ApiManager:308 - Cannot register API 'Board Extension:IKS01A3' from pack STMicroelectronics.X-CUBE-MEMS1.9.3.0: no header file found
2023-06-07 04:48:58,905 [WARN] ApiManager:308 - Cannot register API 'Board Extension:IKS01A2' from pack STMicroelectronics.X-CUBE-MEMS1.9.3.0: no header file found
2023-06-07 04:48:58,905 [WARN] ApiManager:308 - Cannot register API 'Board Extension:IKS02A1' from pack STMicroelectronics.X-CUBE-MEMS1.9.3.0: no header file found
2023-06-07 04:48:58,908 [WARN] ApiManager:308 - Cannot register API 'Board Extension:EEPRMA1' from pack STMicroelectronics.X-CUBE-EEPRMA1.4.1.0: no header file found
2023-06-07 04:48:58,908 [WARN] ApiManager:308 - Cannot register API 'Board Extension:EEPRMA2' from pack STMicroelectronics.X-CUBE-EEPRMA1.4.1.0: no header file found
2023-06-07 04:48:58,908 [WARN] ApiManager:308 - Cannot register API 'Board Extension:PGEEZ1' from pack STMicroelectronics.X-CUBE-EEPRMA1.4.1.0: no header file found
2023-06-07 04:48:58,908 [WARN] ApiManager:308 - Cannot register API 'Board Part:M24' from pack STMicroelectronics.X-CUBE-EEPRMA1.4.1.0: no header file found
2023-06-07 04:48:58,908 [WARN] ApiManager:308 - Cannot register API 'Board Part:M95' from pack STMicroelectronics.X-CUBE-EEPRMA1.4.1.0: no header file found
2023-06-07 04:48:58,908 [WARN] ApiManager:308 - Cannot register API 'Board Part:M95P32' from pack STMicroelectronics.X-CUBE-EEPRMA1.4.1.0: no header file found
2023-06-07 04:48:58,909 [WARN] ApiManager:308 - Cannot register API 'PGEEZ1:SPI' from pack STMicroelectronics.X-CUBE-EEPRMA1.4.1.0: no header file found
2023-06-07 04:48:58,909 [WARN] ApiManager:308 - Cannot register API 'PGEEZ1:QDSPI' from pack STMicroelectronics.X-CUBE-EEPRMA1.4.1.0: no header file found
2023-06-07 04:48:58,911 [WARN] ApiManager:308 - Cannot register API 'Board Extension:S2868A1' from pack STMicroelectronics.X-CUBE-SFXS2LP1.4.0.0: no header file found
2023-06-07 04:48:58,912 [WARN] ApiManager:308 - Cannot register API 'Board Extension:S2868A2' from pack STMicroelectronics.X-CUBE-SFXS2LP1.4.0.0: no header file found
2023-06-07 04:48:58,912 [WARN] ApiManager:308 - Cannot register API 'Board Extension:S2915A1' from pack STMicroelectronics.X-CUBE-SFXS2LP1.4.0.0: no header file found
2023-06-07 04:48:58,912 [WARN] ApiManager:308 - Cannot register API 'Wireless:BlueNRG-2' from pack STMicroelectronics.X-CUBE-BLE2.3.3.0: no header file found
2023-06-07 04:48:58,994 [WARN] ApiManager:308 - Cannot register API 'Board Extension:IKS01A3' from pack STMicroelectronics.X-CUBE-MEMS1.9.4.0: no header file found
2023-06-07 04:48:58,994 [WARN] ApiManager:308 - Cannot register API 'Board Extension:IKS01A2' from pack STMicroelectronics.X-CUBE-MEMS1.9.4.0: no header file found
2023-06-07 04:48:58,994 [WARN] ApiManager:308 - Cannot register API 'Board Extension:IKS02A1' from pack STMicroelectronics.X-CUBE-MEMS1.9.4.0: no header file found
2023-06-07 04:48:59,002 [WARN] ApiManager:308 - Cannot register API 'Board Extension:S2868A1' from pack STMicroelectronics.X-CUBE-SUBG2.5.0.0: no header file found
2023-06-07 04:48:59,002 [WARN] ApiManager:308 - Cannot register API 'Board Extension:S2868A2' from pack STMicroelectronics.X-CUBE-SUBG2.5.0.0: no header file found
2023-06-07 04:48:59,002 [WARN] ApiManager:308 - Cannot register API 'Board Extension:S2915A1' from pack STMicroelectronics.X-CUBE-SUBG2.5.0.0: no header file found
2023-06-07 04:48:59,003 [WARN] ApiManager:308 - Cannot register API 'Board Extension:NFC04A1' from pack STMicroelectronics.X-CUBE-NFC4.3.0.0: no header file found
2023-06-07 04:48:59,112 [WARN] ApiManager:308 - Cannot register API 'Board Extension:IKS01A3' from pack STMicroelectronics.X-CUBE-MEMS1.9.1.0: no header file found
2023-06-07 04:48:59,112 [WARN] ApiManager:308 - Cannot register API 'Board Extension:IKS01A2' from pack STMicroelectronics.X-CUBE-MEMS1.9.1.0: no header file found
2023-06-07 04:48:59,112 [WARN] ApiManager:308 - Cannot register API 'Board Extension:IKS02A1' from pack STMicroelectronics.X-CUBE-MEMS1.9.1.0: no header file found
2023-06-07 04:48:59,333 [WARN] ApiManager:308 - Cannot register API 'Board Extension:IKS01A3' from pack STMicroelectronics.X-CUBE-MEMS1.9.5.0: no header file found
2023-06-07 04:48:59,333 [WARN] ApiManager:308 - Cannot register API 'Board Extension:IKS01A2' from pack STMicroelectronics.X-CUBE-MEMS1.9.5.0: no header file found
2023-06-07 04:48:59,333 [WARN] ApiManager:308 - Cannot register API 'Board Extension:IKS02A1' from pack STMicroelectronics.X-CUBE-MEMS1.9.5.0: no header file found
2023-06-07 04:48:59,343 [WARN] ApiManager:308 - Cannot register API 'Board Extension:EEPRMA1' from pack STMicroelectronics.X-CUBE-EEPRMA1.3.1.0: no header file found
2023-06-07 04:48:59,344 [WARN] ApiManager:308 - Cannot register API 'Board Extension:EEPRMA2' from pack STMicroelectronics.X-CUBE-EEPRMA1.3.1.0: no header file found
2023-06-07 04:48:59,344 [WARN] ApiManager:308 - Cannot register API 'Board Extension:EEPRMA1' from pack STMicroelectronics.X-CUBE-EEPRMA1.3.1.1: no header file found
2023-06-07 04:48:59,344 [WARN] ApiManager:308 - Cannot register API 'Board Extension:EEPRMA2' from pack STMicroelectronics.X-CUBE-EEPRMA1.3.1.1: no header file found
2023-06-07 04:48:59,345 [WARN] ApiManager:308 - Cannot register API 'Board Extension:GNSS1A1' from pack STMicroelectronics.X-CUBE-GNSS1.5.2.0: no header file found
2023-06-07 04:48:59,345 [WARN] ApiManager:308 - Cannot register API 'Board Support:Custom' from pack STMicroelectronics.X-CUBE-GNSS1.5.2.0: no header file found
2023-06-07 04:48:59,345 [WARN] ApiManager:308 - Cannot register API 'Data Exchange:lib_gnss' from pack STMicroelectronics.X-CUBE-GNSS1.5.2.0: no header file found
2023-06-07 04:48:59,360 [INFO] ThirdPartyModel:289 - Start build external matchings
2023-06-07 04:49:03,287 [INFO] ThirdPartyModel:302 - End build external matchings
2023-06-07 04:49:03,742 [INFO] UtilMem:74 - End LoadConfig() Used Memory: 315402832 Bytes (466616320)
2023-06-07 04:49:03,792 [WARN] ThirdParty:789 - waiting for thirdparty lock release [change project]
2023-06-07 04:49:03,792 [INFO] ThirdParty:791 - entering critical section [change project]
2023-06-07 04:49:03,792 [INFO] ThirdParty:981 - CMSIS Pack Vendor :STMicroelectronics X-CUBE-GNSS1 6.0.0
2023-06-07 04:49:03,792 [INFO] ThirdParty:981 - CMSIS Pack Vendor :STMicroelectronics USB_HOST 2.0.0
2023-06-07 04:49:03,792 [INFO] ThirdParty:981 - CMSIS Pack Vendor :STMicroelectronics X-CUBE-AZRTOS-F4 1.1.0
2023-06-07 04:49:03,792 [INFO] ThirdParty:981 - CMSIS Pack Vendor :STMicroelectronics LIBJPEG 8.0.0
2023-06-07 04:49:03,793 [INFO] ThirdParty:981 - CMSIS Pack Vendor :STMicroelectronics X-CUBE-SMBUS 2.1.0
2023-06-07 04:49:03,793 [INFO] ThirdParty:981 - CMSIS Pack Vendor :STMicroelectronics X-CUBE-MEMS1 9.2.0
2023-06-07 04:49:03,793 [INFO] ThirdParty:981 - CMSIS Pack Vendor :STMicroelectronics X-CUBE-BLEMGR 1.2.0
2023-06-07 04:49:03,793 [INFO] ThirdParty:981 - CMSIS Pack Vendor :STMicroelectronics X-CUBE-AZRTOS-F7 1.1.0
2023-06-07 04:49:03,793 [INFO] ThirdParty:981 - CMSIS Pack Vendor :STMicroelectronics USB_DEVICE 2.0.0
2023-06-07 04:49:03,793 [INFO] ThirdParty:981 - CMSIS Pack Vendor :STMicroelectronics X-CUBE-MEMS1 9.6.0
2023-06-07 04:49:03,793 [INFO] ThirdParty:981 - CMSIS Pack Vendor :STMicroelectronics X-CUBE-AI 7.1.0
2023-06-07 04:49:03,793 [INFO] ThirdParty:981 - CMSIS Pack Vendor :STMicroelectronics X-CUBE-TOUCHGFX 4.19.1
2023-06-07 04:49:03,793 [INFO] ThirdParty:981 - CMSIS Pack Vendor :STMicroelectronics FP-SNS-MOTENV1 4.3.1
2023-06-07 04:49:03,793 [INFO] ThirdParty:981 - CMSIS Pack Vendor :STMicroelectronics FP-SNS-FLIGHT1 5.0.1
2023-06-07 04:49:03,794 [INFO] ThirdParty:981 - CMSIS Pack Vendor :STMicroelectronics X-CUBE-BLE1 6.2.3
2023-06-07 04:49:03,794 [INFO] ThirdParty:981 - CMSIS Pack Vendor :STMicroelectronics X-CUBE-BLE1 6.2.4
2023-06-07 04:49:03,794 [INFO] ThirdParty:981 - CMSIS Pack Vendor :STMicroelectronics FreeRTOS 0.0.1
2023-06-07 04:49:03,794 [INFO] ThirdParty:981 - CMSIS Pack Vendor :STMicroelectronics X-CUBE-BLEMGR 2.0.0
2023-06-07 04:49:03,794 [INFO] ThirdParty:981 - CMSIS Pack Vendor :STMicroelectronics X-CUBE-BLE1 6.2.2
2023-06-07 04:49:03,795 [INFO] ThirdParty:981 - CMSIS Pack Vendor :STMicroelectronics X-CUBE-NFC4 2.0.5
2023-06-07 04:49:03,795 [INFO] ThirdParty:981 - CMSIS Pack Vendor :STMicroelectronics X-CUBE-NFC4 2.0.4
2023-06-07 04:49:03,795 [INFO] ThirdParty:981 - CMSIS Pack Vendor :STMicroelectronics X-CUBE-BLE2 3.2.2
2023-06-07 04:49:03,795 [INFO] ThirdParty:981 - CMSIS Pack Vendor :STMicroelectronics X-CUBE-NFC4 2.0.3
2023-06-07 04:49:03,795 [INFO] ThirdParty:981 - CMSIS Pack Vendor :STMicroelectronics X-CUBE-AZRTOS-H7 3.1.0
2023-06-07 04:49:03,795 [INFO] ThirdParty:981 - CMSIS Pack Vendor :STMicroelectronics PDM2PCM 3.3.0
2023-06-07 04:49:03,795 [INFO] ThirdParty:981 - CMSIS Pack Vendor :STMicroelectronics X-CUBE-TOF1 3.1.0
2023-06-07 04:49:03,795 [INFO] ThirdParty:981 - CMSIS Pack Vendor :STMicroelectronics X-CUBE-SFXS2LP1 3.1.0
2023-06-07 04:49:03,795 [INFO] ThirdParty:981 - CMSIS Pack Vendor :wolfSSL I-CUBE-wolfSSL 5.1.1
2023-06-07 04:49:03,795 [INFO] ThirdParty:981 - CMSIS Pack Vendor :STMicroelectronics X-CUBE-DISPLAY 3.0.0
2023-06-07 04:49:03,795 [INFO] ThirdParty:981 - CMSIS Pack Vendor :STMicroelectronics X-CUBE-AZRTOS-F4 1.0.0
2023-06-07 04:49:03,795 [INFO] ThirdParty:981 - CMSIS Pack Vendor :STMicroelectronics X-CUBE-TOF1 2.0.0
2023-06-07 04:49:03,795 [INFO] ThirdParty:981 - CMSIS Pack Vendor :STMicroelectronics HAL Drivers 0.0.0
2023-06-07 04:49:03,796 [INFO] ThirdParty:981 - CMSIS Pack Vendor :STMicroelectronics MBEDTLS 2.14.1
2023-06-07 04:49:03,796 [INFO] ThirdParty:981 - CMSIS Pack Vendor :STMicroelectronics X-CUBE-NFC7 1.0.0
2023-06-07 04:49:03,796 [INFO] ThirdParty:981 - CMSIS Pack Vendor :STMicroelectronics X-CUBE-SUBG2 4.2.0
2023-06-07 04:49:03,796 [INFO] ThirdParty:981 - CMSIS Pack Vendor :STMicroelectronics X-CUBE-MEMS1 9.3.0
2023-06-07 04:49:03,796 [INFO] ThirdParty:981 - CMSIS Pack Vendor :STMicroelectronics X-CUBE-EEPRMA1 4.1.0
2023-06-07 04:49:03,796 [INFO] ThirdParty:981 - CMSIS Pack Vendor :STMicroelectronics X-CUBE-AI 7.2.0
2023-06-07 04:49:03,796 [INFO] ThirdParty:981 - CMSIS Pack Vendor :STMicroelectronics X-CUBE-AZRTOS-WL 2.0.0
2023-06-07 04:49:03,796 [INFO] ThirdParty:981 - CMSIS Pack Vendor :STMicroelectronics USB_DEVICE 1.0.0
2023-06-07 04:49:03,796 [INFO] ThirdParty:981 - CMSIS Pack Vendor :STMicroelectronics X-CUBE-AZRTOS-G0 1.0.0
2023-06-07 04:49:03,796 [INFO] ThirdParty:981 - CMSIS Pack Vendor :STMicroelectronics X-CUBE-AZRTOS-L4 2.0.0
2023-06-07 04:49:03,796 [INFO] ThirdParty:981 - CMSIS Pack Vendor :STMicroelectronics ThreadX 0.0.2
2023-06-07 04:49:03,796 [INFO] ThirdParty:981 - CMSIS Pack Vendor :WES I-CUBE-Cesium 1.3.0
2023-06-07 04:49:03,797 [INFO] ThirdParty:981 - CMSIS Pack Vendor :STMicroelectronics lwIP 2.1.2
2023-06-07 04:49:03,797 [INFO] ThirdParty:981 - CMSIS Pack Vendor :STMicroelectronics X-CUBE-SFXS2LP1 4.0.0
2023-06-07 04:49:03,797 [INFO] ThirdParty:981 - CMSIS Pack Vendor :STMicroelectronics X-CUBE-BLE2 3.3.0
2023-06-07 04:49:03,797 [INFO] ThirdParty:981 - CMSIS Pack Vendor :STMicroelectronics X-CUBE-DISPLAY 2.2.0
2023-06-07 04:49:03,797 [INFO] ThirdParty:981 - CMSIS Pack Vendor :STMicroelectronics X-CUBE-TOF1 3.2.0
2023-06-07 04:49:03,797 [INFO] ThirdParty:981 - CMSIS Pack Vendor :STMicroelectronics PDM2PCM 3.2.0
2023-06-07 04:49:03,797 [INFO] ThirdParty:981 - CMSIS Pack Vendor :STMicroelectronics X-CUBE-TOUCHGFX 4.18.1
2023-06-07 04:49:03,797 [INFO] ThirdParty:981 - CMSIS Pack Vendor :STMicroelectronics X-CUBE-AZRTOS-H7 3.0.0
2023-06-07 04:49:03,797 [INFO] ThirdParty:981 - CMSIS Pack Vendor :STMicroelectronics X-CUBE-ISPU 1.0.0
2023-06-07 04:49:03,797 [INFO] ThirdParty:981 - CMSIS Pack Vendor :STMicroelectronics X-CUBE-ISPU 1.1.0
2023-06-07 04:49:03,797 [INFO] ThirdParty:981 - CMSIS Pack Vendor :RoweBots I-CUBE-UNISONRTOS 5.5.0-4
2023-06-07 04:49:03,797 [INFO] ThirdParty:981 - CMSIS Pack Vendor :STMicroelectronics X-CUBE-AZRTOS-H7 2.1.0
2023-06-07 04:49:03,797 [INFO] ThirdParty:981 - CMSIS Pack Vendor :STMicroelectronics USB_DEVICE 3.0.0
2023-06-07 04:49:03,797 [INFO] ThirdParty:981 - CMSIS Pack Vendor :STMicroelectronics X-CUBE-AI 8.0.0
2023-06-07 04:49:03,798 [INFO] ThirdParty:981 - CMSIS Pack Vendor :STMicroelectronics X-CUBE-FREERTOS 1.0.0
2023-06-07 04:49:03,798 [INFO] ThirdParty:981 - CMSIS Pack Vendor :STMicroelectronics X-CUBE-FREERTOS 1.0.1
2023-06-07 04:49:03,798 [INFO] ThirdParty:981 - CMSIS Pack Vendor :STMicroelectronics X-CUBE-TOUCHGFX 4.21.1
2023-06-07 04:49:03,798 [INFO] ThirdParty:981 - CMSIS Pack Vendor :STMicroelectronics X-CUBE-TOUCHGFX 4.21.0
2023-06-07 04:49:03,798 [INFO] ThirdParty:981 - CMSIS Pack Vendor :STMicroelectronics X-CUBE-TOUCHGFX 4.21.3
2023-06-07 04:49:03,798 [INFO] ThirdParty:981 - CMSIS Pack Vendor :STMicroelectronics X-CUBE-TOUCHGFX 4.21.4
2023-06-07 04:49:03,798 [INFO] ThirdParty:981 - CMSIS Pack Vendor :STMicroelectronics X-CUBE-MEMS1 9.4.0
2023-06-07 04:49:03,798 [INFO] ThirdParty:981 - CMSIS Pack Vendor :STMicroelectronics X-CUBE-AI 7.3.0
2023-06-07 04:49:03,798 [INFO] ThirdParty:981 - CMSIS Pack Vendor :STMicroelectronics X-CUBE-ALGOBUILD 1.3.0
2023-06-07 04:49:03,798 [INFO] ThirdParty:981 - CMSIS Pack Vendor :STMicroelectronics X-CUBE-AZRTOS-L5 1.1.0
2023-06-07 04:49:03,798 [INFO] ThirdParty:981 - CMSIS Pack Vendor :STMicroelectronics X-CUBE-AZRTOS-G0 1.1.0
2023-06-07 04:49:03,799 [INFO] ThirdParty:981 - CMSIS Pack Vendor :STMicroelectronics X-CUBE-AI 8.0.1
2023-06-07 04:49:03,799 [INFO] ThirdParty:981 - CMSIS Pack Vendor :STMicroelectronics X-CUBE-SUBG2 5.0.0
2023-06-07 04:49:03,799 [INFO] ThirdParty:981 - CMSIS Pack Vendor :STMicroelectronics X-CUBE-NFC4 3.0.0
2023-06-07 04:49:03,799 [INFO] ThirdParty:981 - CMSIS Pack Vendor :SEGGER I-CUBE-embOS 1.2.0
2023-06-07 04:49:03,799 [INFO] ThirdParty:981 - CMSIS Pack Vendor :STMicroelectronics STM32_WPAN 1.0.0
2023-06-07 04:49:03,799 [INFO] ThirdParty:981 - CMSIS Pack Vendor :STMicroelectronics lwIP 2.0.3
2023-06-07 04:49:03,799 [INFO] ThirdParty:981 - CMSIS Pack Vendor :STMicroelectronics USB_HOST 1.0.0
2023-06-07 04:49:03,799 [INFO] ThirdParty:981 - CMSIS Pack Vendor :STMicroelectronics X-CUBE-DISPLAY 2.1.0
2023-06-07 04:49:03,799 [INFO] ThirdParty:981 - CMSIS Pack Vendor :STMicroelectronics X-CUBE-AZRTOS-G4 2.0.0
2023-06-07 04:49:03,799 [INFO] ThirdParty:981 - CMSIS Pack Vendor :STMicroelectronics PDM2PCM 3.1.0
2023-06-07 04:49:03,799 [INFO] ThirdParty:981 - CMSIS Pack Vendor :STMicroelectronics X-CUBE-TOF1 3.3.0
2023-06-07 04:49:03,800 [INFO] ThirdParty:981 - CMSIS Pack Vendor :STMicroelectronics FP-ATR-ASTRA1 1.1.1
2023-06-07 04:49:03,800 [INFO] ThirdParty:981 - CMSIS Pack Vendor :STMicroelectronics FP-ATR-ASTRA1 1.1.0
2023-06-07 04:49:03,800 [INFO] ThirdParty:981 - CMSIS Pack Vendor :STMicroelectronics X-CUBE-BLEMGR 1.3.0
2023-06-07 04:49:03,800 [INFO] ThirdParty:981 - CMSIS Pack Vendor :STMicroelectronics X-CUBE-AZRTOS-H7 2.0.0
2023-06-07 04:49:03,800 [INFO] ThirdParty:981 - CMSIS Pack Vendor :STMicroelectronics X-CUBE-AZRTOS-G4 1.0.0
2023-06-07 04:49:03,800 [INFO] ThirdParty:981 - CMSIS Pack Vendor :STMicroelectronics FP-ATR-SIGFOX1 3.2.0
2023-06-07 04:49:03,800 [INFO] ThirdParty:981 - CMSIS Pack Vendor :STMicroelectronics X-CUBE-AZRTOS-L4 1.0.0
2023-06-07 04:49:03,800 [INFO] ThirdParty:981 - CMSIS Pack Vendor :STMicroelectronics MBEDTLS 2.16.2
2023-06-07 04:49:03,800 [INFO] ThirdParty:981 - CMSIS Pack Vendor :emotas I-CUBE-CANOPEN 1.1.2
2023-06-07 04:49:03,800 [INFO] ThirdParty:981 - CMSIS Pack Vendor :STMicroelectronics X-CUBE-TOUCHGFX 4.20.0
2023-06-07 04:49:03,800 [INFO] ThirdParty:981 - CMSIS Pack Vendor :STMicroelectronics X-CUBE-AZRTOS-F7 1.0.0
2023-06-07 04:49:03,800 [INFO] ThirdParty:981 - CMSIS Pack Vendor :STMicroelectronics X-CUBE-AZRTOS-WL 1.0.0
2023-06-07 04:49:03,801 [INFO] ThirdParty:981 - CMSIS Pack Vendor :STMicroelectronics X-CUBE-MEMS1 9.1.0
2023-06-07 04:49:03,801 [INFO] ThirdParty:981 - CMSIS Pack Vendor :portGmbH I-Cube-SoM-uGOAL 1.1.0
2023-06-07 04:49:03,801 [INFO] ThirdParty:981 - CMSIS Pack Vendor :STMicroelectronics X-CUBE-ALS 1.0.1
2023-06-07 04:49:03,802 [INFO] ThirdParty:981 - CMSIS Pack Vendor :STMicroelectronics X-CUBE-MEMS1 9.5.0
2023-06-07 04:49:03,802 [INFO] ThirdParty:981 - CMSIS Pack Vendor :STMicroelectronics ThreadX 1.0.0
2023-06-07 04:49:03,802 [INFO] ThirdParty:981 - CMSIS Pack Vendor :STMicroelectronics X-CUBE-AZRTOS-WB 1.1.0
2023-06-07 04:49:03,802 [INFO] ThirdParty:981 - CMSIS Pack Vendor :SEGGER I-CUBE-embOS 1.3.1
2023-06-07 04:49:03,802 [INFO] ThirdParty:981 - CMSIS Pack Vendor :STMicroelectronics X-CUBE-AZRTOS-L5 1.0.0
2023-06-07 04:49:03,802 [INFO] ThirdParty:981 - CMSIS Pack Vendor :STMicroelectronics X-CUBE-EEPRMA1 3.1.0
2023-06-07 04:49:03,802 [INFO] ThirdParty:981 - CMSIS Pack Vendor :STMicroelectronics X-CUBE-EEPRMA1 3.1.1
2023-06-07 04:49:03,802 [INFO] ThirdParty:981 - CMSIS Pack Vendor :STMicroelectronics X-CUBE-GNSS1 5.2.0
2023-06-07 04:49:03,803 [INFO] ThirdParty:981 - CMSIS Pack Vendor :STMicroelectronics FP-ATR-ASTRA1 2.0.0
2023-06-07 04:49:03,803 [INFO] ThirdParty:981 - CMSIS Pack Vendor :STMicroelectronics X-CUBE-DISPLAY 2.0.1
2023-06-07 04:49:03,803 [INFO] ThirdParty:981 - CMSIS Pack Vendor :STMicroelectronics X-CUBE-TOF1 3.0.0
2023-06-07 04:49:03,803 [INFO] ThirdParty:797 - exiting critical section [change project]
2023-06-07 04:49:04,345 [INFO] PinOutPanel:1468 - setPackage(No Configuration,No Configuration)
2023-06-07 04:49:04,347 [INFO] PinOutPanel:1468 - setPackage(STM32F405RGTx,LQFP64)
2023-06-07 04:49:05,029 [INFO] UtilMem:74 - Before build in PCC Used Memory: 317970560 Bytes (466616320)
2023-06-07 04:49:05,902 [INFO] UtilMem:74 - After build in PCC Used Memory: 378417320 Bytes (466616320)
2023-06-07 04:49:05,945 [INFO] IPUIPlugin:79 - create IPUIPlugin
2023-06-07 04:49:05,945 [INFO] IPUIPlugin:79 - create IPUIPlugin
2023-06-07 04:49:05,946 [INFO] IPUIPlugin:79 - create IPUIPlugin
2023-06-07 04:49:05,946 [INFO] IPUIPlugin:79 - create IPUIPlugin
2023-06-07 04:49:05,946 [INFO] IPUIPlugin:79 - create IPUIPlugin
2023-06-07 04:49:05,946 [INFO] IPUIPlugin:79 - create IPUIPlugin
2023-06-07 04:49:05,947 [INFO] IPUIPlugin:79 - create IPUIPlugin
2023-06-07 04:49:05,947 [INFO] IPUIPlugin:79 - create IPUIPlugin
2023-06-07 04:49:05,947 [INFO] IPUIPlugin:79 - create IPUIPlugin
2023-06-07 04:49:05,948 [INFO] IPUIPlugin:79 - create IPUIPlugin
2023-06-07 04:49:05,948 [INFO] IPUIPlugin:79 - create IPUIPlugin
2023-06-07 04:49:05,948 [INFO] IPUIPlugin:79 - create IPUIPlugin
2023-06-07 04:49:05,948 [INFO] IPUIPlugin:79 - create IPUIPlugin
2023-06-07 04:49:05,949 [INFO] IPUIPlugin:79 - create IPUIPlugin
2023-06-07 04:49:05,949 [INFO] IPUIPlugin:79 - create IPUIPlugin
2023-06-07 04:49:05,949 [INFO] IPUIPlugin:79 - create IPUIPlugin
2023-06-07 04:49:05,949 [INFO] IPUIPlugin:79 - create IPUIPlugin
2023-06-07 04:49:05,950 [INFO] IPUIPlugin:79 - create IPUIPlugin
2023-06-07 04:49:05,950 [INFO] IPUIPlugin:79 - create IPUIPlugin
2023-06-07 04:49:05,950 [INFO] IPUIPlugin:79 - create IPUIPlugin
2023-06-07 04:49:05,951 [INFO] IPUIPlugin:79 - create IPUIPlugin
2023-06-07 04:49:05,951 [INFO] IPUIPlugin:79 - create IPUIPlugin
2023-06-07 04:49:05,952 [INFO] IPUIPlugin:79 - create IPUIPlugin
2023-06-07 04:49:05,952 [INFO] IPUIPlugin:79 - create IPUIPlugin
2023-06-07 04:49:05,952 [INFO] IPUIPlugin:79 - create IPUIPlugin
2023-06-07 04:49:05,953 [INFO] IPUIPlugin:79 - create IPUIPlugin
2023-06-07 04:49:05,953 [INFO] IPUIPlugin:79 - create IPUIPlugin
2023-06-07 04:49:05,953 [INFO] IPUIPlugin:79 - create IPUIPlugin
2023-06-07 04:49:05,954 [INFO] IPUIPlugin:79 - create IPUIPlugin
2023-06-07 04:49:05,954 [INFO] IPUIPlugin:79 - create IPUIPlugin
2023-06-07 04:49:05,955 [INFO] IPUIPlugin:79 - create IPUIPlugin
2023-06-07 04:49:05,955 [INFO] IPUIPlugin:79 - create IPUIPlugin
2023-06-07 04:49:05,955 [INFO] IPUIPlugin:79 - create IPUIPlugin
2023-06-07 04:49:05,956 [INFO] IPUIPlugin:79 - create IPUIPlugin
2023-06-07 04:49:05,956 [INFO] IPUIPlugin:79 - create IPUIPlugin
2023-06-07 04:49:05,956 [INFO] IPUIPlugin:79 - create IPUIPlugin
2023-06-07 04:49:05,957 [INFO] IPUIPlugin:79 - create IPUIPlugin
2023-06-07 04:49:05,957 [INFO] IPUIPlugin:79 - create IPUIPlugin
2023-06-07 04:49:05,958 [INFO] IPUIPlugin:79 - create IPUIPlugin
2023-06-07 04:49:05,958 [INFO] IPUIPlugin:79 - create IPUIPlugin
2023-06-07 04:49:05,959 [INFO] IPUIPlugin:79 - create IPUIPlugin
2023-06-07 04:49:05,959 [INFO] IPUIPlugin:79 - create IPUIPlugin
2023-06-07 04:49:05,961 [INFO] IPUIPlugin:79 - create IPUIPlugin
2023-06-07 04:49:05,961 [INFO] IPUIPlugin:79 - create IPUIPlugin
2023-06-07 04:49:05,962 [INFO] IPUIPlugin:79 - create IPUIPlugin
2023-06-07 04:49:05,962 [INFO] IPUIPlugin:79 - create IPUIPlugin
2023-06-07 04:49:05,963 [INFO] IPUIPlugin:79 - create IPUIPlugin
2023-06-07 04:49:05,963 [INFO] IPUIPlugin:79 - create IPUIPlugin
2023-06-07 04:49:05,964 [INFO] IPUIPlugin:79 - create IPUIPlugin
2023-06-07 04:49:05,965 [INFO] IPUIPlugin:79 - create IPUIPlugin
2023-06-07 04:49:05,965 [INFO] IPUIPlugin:79 - create IPUIPlugin
2023-06-07 04:49:05,966 [INFO] IPUIPlugin:79 - create IPUIPlugin
2023-06-07 04:49:05,966 [INFO] IPUIPlugin:79 - create IPUIPlugin
2023-06-07 04:49:05,967 [INFO] IPUIPlugin:79 - create IPUIPlugin
2023-06-07 04:49:06,060 [INFO] ApiDbMcu:505 - Load IP Config File for PDM2PCM
2023-06-07 04:49:06,400 [INFO] OpenFileManager:327 - Restore cursor
2023-06-07 04:49:09,872 [INFO] UtilMem:74 - End SaveConfig() Used Memory: 349613896 Bytes (466616320)
2023-06-07 04:49:09,969 [INFO] UtilMem:74 - End SaveConfig() Used Memory: 369533928 Bytes (466616320)
2023-06-07 04:49:10,545 [INFO] BlockDiagram:2753 - set Specific Code input for plugin: RCC
2023-06-07 04:49:10,545 [INFO] BlockDiagram:2753 - set Specific Code input for plugin: NVIC
2023-06-07 04:49:10,549 [INFO] CodeGenerator:690 - code generatio: config db path: C:\ST\STM32CubeIDE_1.7.0\STM32CubeIDE\plugins\com.st.stm32cube.common.mx_6.6.0.202206222154\\db\
2023-06-07 04:49:11,292 [INFO] CodeEngine:245 - oldGeneratedFile, E:\Drone\debug\Debug\MXTmpFiles\license.tmp_save
2023-06-07 04:49:11,957 [INFO] CodeEngine:269 - Generated code: E:\Drone\debug\Debug\MXTmpFiles\license.tmp
2023-06-07 04:49:12,010 [INFO] CodeEngine:245 - oldGeneratedFile, E:\Drone\debug\Debug\Core\Src\stm32f4xx_it.c_save
2023-06-07 04:49:12,338 [INFO] CodeEngine:269 - Generated code: E:\Drone\debug\Debug\Core\Src\stm32f4xx_it.c
2023-06-07 04:49:12,354 [INFO] CodeEngine:245 - oldGeneratedFile, E:\Drone\debug\Debug\Core\Inc\stm32f4xx_it.h_save
2023-06-07 04:49:12,523 [INFO] CodeEngine:269 - Generated code: E:\Drone\debug\Debug\Core\Inc\stm32f4xx_it.h
2023-06-07 04:49:12,724 [INFO] CodeEngine:245 - oldGeneratedFile, E:\Drone\debug\Debug\Core\Src\stm32f4xx_hal_msp.c_save
2023-06-07 04:49:13,047 [INFO] CodeEngine:269 - Generated code: E:\Drone\debug\Debug\Core\Src\stm32f4xx_hal_msp.c
2023-06-07 04:49:13,066 [INFO] CodeEngine:245 - oldGeneratedFile, E:\Drone\debug\Debug\MXTmpFiles\system.tmp_save
2023-06-07 04:49:13,169 [INFO] CodeEngine:269 - Generated code: E:\Drone\debug\Debug\MXTmpFiles\system.tmp
2023-06-07 04:49:13,189 [INFO] CodeEngine:245 - oldGeneratedFile, E:\Drone\debug\Debug\Core\Inc\stm32f4xx_hal_conf.h_save
2023-06-07 04:49:13,339 [INFO] CodeEngine:269 - Generated code: E:\Drone\debug\Debug\Core\Inc\stm32f4xx_hal_conf.h
2023-06-07 04:49:13,415 [INFO] CodeEngine:245 - oldGeneratedFile, E:\Drone\debug\Debug\Core\Inc\main.h_save
2023-06-07 04:49:13,540 [INFO] CodeEngine:269 - Generated code: E:\Drone\debug\Debug\Core\Inc\main.h
2023-06-07 04:49:13,555 [INFO] CodeEngine:245 - oldGeneratedFile, E:\Drone\debug\Debug\Core\Src\main.c_save
2023-06-07 04:49:13,803 [INFO] CodeEngine:269 - Generated code: E:\Drone\debug\Debug\Core\Src\main.c
2023-06-07 04:49:15,459 [INFO] ProjectBuilder:2919 - Time for Copy HAL[1] : 652mS.
2023-06-07 04:49:15,472 [INFO] ProjectBuilder:4115 - Project Generator version: 3.17.1
2023-06-07 04:49:15,972 [INFO] ConfigFileManager:1394 - The Die is : DIE413
2023-06-07 04:49:16,009 [INFO] ApiDbMcu:505 - Load IP Config File for FATFS
2023-06-07 04:49:16,025 [INFO] ApiDbMcu:505 - Load IP Config File for FREERTOS
2023-06-07 04:49:16,036 [INFO] ApiDbMcu:505 - Load IP Config File for LIBJPEG
2023-06-07 04:49:16,052 [INFO] ApiDbMcu:505 - Load IP Config File for MBEDTLS
2023-06-07 04:49:16,071 [INFO] ApiDbMcu:505 - Load IP Config File for USB_DEVICE
2023-06-07 04:49:16,083 [INFO] ApiDbMcu:505 - Load IP Config File for USB_HOST
2023-06-07 04:49:21,868 [INFO] ProjectBuilder:4283 - Time for Generating toolchain IDE Files: 6396mS.
2023-06-07 04:49:21,869 [INFO] ProjectBuilder:2790 - Time for Copy CMSIS : 0mS.
2023-06-07 04:49:21,871 [INFO] ProjectBuilder:2790 - Time for Copy CMSIS : 0mS.
2023-06-07 04:49:22,663 [INFO] McuFinderGlobals:57 - Set McuFinderConnectedMode to true
2023-06-07 04:49:22,665 [INFO] ApiDb:443 - Save user favorites file C:\Users\nguye/.stm32cubeide/favorites.mcus.txt: 8 item(s)
2023-06-07 04:49:22,666 [INFO] ApiDb:447 - User favorites MCUs=[STM32F103C8T6, STM32F103C8T6TR, STM32F103C8T7, STM32F103C8T7TR, STM32F405RGT6, STM32F411CEU6, STM32F411CEU6TR, STM32F411CEU7]
2023-06-07 04:51:14,273 [WARN] IP:2111 - I2C_Coeff_DF not found: check if there is a RefParameter without a condition.
2023-06-07 04:51:14,274 [WARN] IP:2111 - Analog_Filter not found: check if there is a RefParameter without a condition.
2023-06-07 04:51:14,301 [WARN] IP:2111 - I2C_Coeff_DF not found: check if there is a RefParameter without a condition.
2023-06-07 04:51:14,301 [WARN] IP:2111 - Analog_Filter not found: check if there is a RefParameter without a condition.
2023-06-07 04:51:14,301 [WARN] IP:2111 - I2C_Coeff_DF not found: check if there is a RefParameter without a condition.
2023-06-07 04:51:14,301 [WARN] IP:2111 - Analog_Filter not found: check if there is a RefParameter without a condition.
2023-06-07 04:51:14,324 [WARN] IP:2111 - I2C_Coeff_DF not found: check if there is a RefParameter without a condition.
2023-06-07 04:51:14,324 [WARN] IP:2111 - Analog_Filter not found: check if there is a RefParameter without a condition.
2023-06-07 04:51:14,325 [WARN] IP:2111 - I2C_Coeff_DF not found: check if there is a RefParameter without a condition.
2023-06-07 04:51:14,325 [WARN] IP:2111 - Analog_Filter not found: check if there is a RefParameter without a condition.
2023-06-07 04:51:14,348 [WARN] IP:2111 - I2C_Coeff_DF not found: check if there is a RefParameter without a condition.
2023-06-07 04:51:14,348 [WARN] IP:2111 - Analog_Filter not found: check if there is a RefParameter without a condition.
2023-06-07 04:51:14,349 [WARN] IP:2111 - I2C_Coeff_DF not found: check if there is a RefParameter without a condition.
2023-06-07 04:51:14,349 [WARN] IP:2111 - Analog_Filter not found: check if there is a RefParameter without a condition.
2023-06-07 04:51:14,456 [WARN] IP:2111 - I2C_Coeff_DF not found: check if there is a RefParameter without a condition.
2023-06-07 04:51:14,456 [WARN] IP:2111 - Analog_Filter not found: check if there is a RefParameter without a condition.
2023-06-07 04:51:14,458 [WARN] IP:2111 - I2C_Coeff_DF not found: check if there is a RefParameter without a condition.
2023-06-07 04:51:14,459 [WARN] IP:2111 - Analog_Filter not found: check if there is a RefParameter without a condition.
2023-06-07 04:51:14,466 [WARN] IP:2111 - I2C_Coeff_DF not found: check if there is a RefParameter without a condition.
2023-06-07 04:51:14,466 [WARN] IP:2111 - Analog_Filter not found: check if there is a RefParameter without a condition.
2023-06-07 04:51:18,387 [WARN] IP:2111 - I2C_Coeff_DF not found: check if there is a RefParameter without a condition.
2023-06-07 04:51:18,387 [WARN] IP:2111 - Analog_Filter not found: check if there is a RefParameter without a condition.
2023-06-07 04:51:18,388 [WARN] IP:2111 - I2C_Coeff_DF not found: check if there is a RefParameter without a condition.
2023-06-07 04:51:18,388 [WARN] IP:2111 - Analog_Filter not found: check if there is a RefParameter without a condition.
2023-06-07 04:51:18,430 [WARN] IP:2111 - I2C_Coeff_DF not found: check if there is a RefParameter without a condition.
2023-06-07 04:51:18,430 [WARN] IP:2111 - Analog_Filter not found: check if there is a RefParameter without a condition.
2023-06-07 04:51:18,435 [WARN] IP:2111 - I2C_Coeff_DF not found: check if there is a RefParameter without a condition.
2023-06-07 04:51:18,435 [WARN] IP:2111 - Analog_Filter not found: check if there is a RefParameter without a condition.
2023-06-07 04:51:18,456 [WARN] IP:2111 - I2C_Coeff_DF not found: check if there is a RefParameter without a condition.
2023-06-07 04:51:18,456 [WARN] IP:2111 - Analog_Filter not found: check if there is a RefParameter without a condition.
2023-06-07 04:51:18,461 [WARN] IP:2111 - I2C_Coeff_DF not found: check if there is a RefParameter without a condition.
2023-06-07 04:51:18,462 [WARN] IP:2111 - Analog_Filter not found: check if there is a RefParameter without a condition.
2023-06-07 04:51:18,466 [WARN] IP:2111 - I2C_Coeff_DF not found: check if there is a RefParameter without a condition.
2023-06-07 04:51:18,466 [WARN] IP:2111 - Analog_Filter not found: check if there is a RefParameter without a condition.
2023-06-07 04:51:18,470 [WARN] IP:2111 - I2C_Coeff_DF not found: check if there is a RefParameter without a condition.
2023-06-07 04:51:18,470 [WARN] IP:2111 - Analog_Filter not found: check if there is a RefParameter without a condition.
2023-06-07 04:51:40,545 [WARN] IP:2111 - I2C_Coeff_DF not found: check if there is a RefParameter without a condition.
2023-06-07 04:51:40,545 [WARN] IP:2111 - Analog_Filter not found: check if there is a RefParameter without a condition.
2023-06-07 04:51:40,546 [WARN] IP:2111 - I2C_Coeff_DF not found: check if there is a RefParameter without a condition.
2023-06-07 04:51:40,546 [WARN] IP:2111 - Analog_Filter not found: check if there is a RefParameter without a condition.
2023-06-07 04:51:40,559 [WARN] IP:2111 - I2C_Coeff_DF not found: check if there is a RefParameter without a condition.
2023-06-07 04:51:40,560 [WARN] IP:2111 - Analog_Filter not found: check if there is a RefParameter without a condition.
2023-06-07 04:51:40,574 [WARN] IP:2111 - I2C_Coeff_DF not found: check if there is a RefParameter without a condition.
2023-06-07 04:51:40,574 [WARN] IP:2111 - Analog_Filter not found: check if there is a RefParameter without a condition.
2023-06-07 04:51:40,610 [WARN] IP:2111 - I2C_Coeff_DF not found: check if there is a RefParameter without a condition.
2023-06-07 04:51:40,610 [WARN] IP:2111 - Analog_Filter not found: check if there is a RefParameter without a condition.
2023-06-07 04:51:40,614 [WARN] IP:2111 - I2C_Coeff_DF not found: check if there is a RefParameter without a condition.
2023-06-07 04:51:40,614 [WARN] IP:2111 - Analog_Filter not found: check if there is a RefParameter without a condition.
2023-06-07 04:51:44,036 [INFO] UtilMem:74 - End SaveConfig() Used Memory: 629604184 Bytes (1073741824)
2023-06-07 04:51:46,952 [INFO] UtilMem:74 - End SaveConfig() Used Memory: 788465480 Bytes (1073741824)
2023-06-07 04:51:47,530 [INFO] BlockDiagram:2753 - set Specific Code input for plugin: SYS
2023-06-07 04:51:47,530 [INFO] BlockDiagram:2753 - set Specific Code input for plugin: RCC
2023-06-07 04:51:47,530 [INFO] BlockDiagram:2753 - set Specific Code input for plugin: I2C
2023-06-07 04:51:47,531 [INFO] BlockDiagram:2753 - set Specific Code input for plugin: NVIC
2023-06-07 04:51:47,531 [INFO] BlockDiagram:2753 - set Specific Code input for plugin: GPIO
2023-06-07 04:51:47,532 [INFO] CodeGenerator:690 - code generatio: config db path: C:\ST\STM32CubeIDE_1.7.0\STM32CubeIDE\plugins\com.st.stm32cube.common.mx_6.6.0.202206222154\\db\
2023-06-07 04:51:47,533 [WARN] IP:2111 - I2C_Coeff_DF not found: check if there is a RefParameter without a condition.
2023-06-07 04:51:47,533 [WARN] IP:2111 - Analog_Filter not found: check if there is a RefParameter without a condition.
2023-06-07 04:51:47,812 [INFO] CodeEngine:245 - oldGeneratedFile, E:\Drone\debug\Debug\MXTmpFiles\license.tmp_save
2023-06-07 04:51:48,008 [INFO] CodeEngine:269 - Generated code: E:\Drone\debug\Debug\MXTmpFiles\license.tmp
2023-06-07 04:51:48,079 [INFO] CodeEngine:245 - oldGeneratedFile, E:\Drone\debug\Debug\MXTmpFiles\gpio.tmp_save
2023-06-07 04:51:48,242 [INFO] CodeEngine:269 - Generated code: E:\Drone\debug\Debug\MXTmpFiles\gpio.tmp
2023-06-07 04:51:48,352 [INFO] CodeEngine:245 - oldGeneratedFile, E:\Drone\debug\Debug\Core\Src\stm32f4xx_it.c_save
2023-06-07 04:51:48,491 [INFO] CodeEngine:269 - Generated code: E:\Drone\debug\Debug\Core\Src\stm32f4xx_it.c
2023-06-07 04:51:48,497 [INFO] CodeEngine:245 - oldGeneratedFile, E:\Drone\debug\Debug\Core\Inc\stm32f4xx_it.h_save
2023-06-07 04:51:48,597 [INFO] CodeEngine:269 - Generated code: E:\Drone\debug\Debug\Core\Inc\stm32f4xx_it.h
2023-06-07 04:51:48,617 [INFO] CodeEngine:245 - oldGeneratedFile, E:\Drone\debug\Debug\Core\Src\stm32f4xx_hal_msp.c_save
2023-06-07 04:51:48,757 [INFO] CodeEngine:269 - Generated code: E:\Drone\debug\Debug\Core\Src\stm32f4xx_hal_msp.c
2023-06-07 04:51:48,761 [INFO] CodeEngine:245 - oldGeneratedFile, E:\Drone\debug\Debug\MXTmpFiles\system.tmp_save
2023-06-07 04:51:48,821 [INFO] CodeEngine:269 - Generated code: E:\Drone\debug\Debug\MXTmpFiles\system.tmp
2023-06-07 04:51:48,836 [INFO] CodeEngine:245 - oldGeneratedFile, E:\Drone\debug\Debug\Core\Inc\stm32f4xx_hal_conf.h_save
2023-06-07 04:51:48,934 [INFO] CodeEngine:269 - Generated code: E:\Drone\debug\Debug\Core\Inc\stm32f4xx_hal_conf.h
2023-06-07 04:51:48,977 [INFO] CodeEngine:245 - oldGeneratedFile, E:\Drone\debug\Debug\Core\Inc\main.h_save
2023-06-07 04:51:49,047 [INFO] CodeEngine:269 - Generated code: E:\Drone\debug\Debug\Core\Inc\main.h
2023-06-07 04:51:49,058 [INFO] CodeEngine:245 - oldGeneratedFile, E:\Drone\debug\Debug\Core\Src\main.c_save
2023-06-07 04:51:49,226 [INFO] CodeEngine:269 - Generated code: E:\Drone\debug\Debug\Core\Src\main.c
2023-06-07 04:51:50,054 [INFO] ProjectBuilder:2919 - Time for Copy HAL[1] : 242mS.
2023-06-07 04:51:50,060 [INFO] ProjectBuilder:4115 - Project Generator version: 3.17.1
2023-06-07 04:51:50,342 [INFO] ConfigFileManager:1394 - The Die is : DIE413
2023-06-07 04:51:52,204 [INFO] ProjectBuilder:4283 - Time for Generating toolchain IDE Files: 2144mS.
2023-06-07 04:51:52,205 [INFO] ProjectBuilder:2790 - Time for Copy CMSIS : 1mS.
2023-06-07 04:51:52,207 [INFO] ProjectBuilder:2790 - Time for Copy CMSIS : 0mS.
2023-06-07 04:55:16,853 [INFO] UtilMem:74 - End SaveConfig() Used Memory: 667008544 Bytes (1073741824)
2023-06-07 04:55:18,711 [INFO] UtilMem:74 - End SaveConfig() Used Memory: 706854432 Bytes (1073741824)
2023-06-07 04:55:19,068 [INFO] BlockDiagram:2753 - set Specific Code input for plugin: SYS
2023-06-07 04:55:19,068 [INFO] BlockDiagram:2753 - set Specific Code input for plugin: RCC
2023-06-07 04:55:19,068 [INFO] BlockDiagram:2753 - set Specific Code input for plugin: I2C
2023-06-07 04:55:19,068 [INFO] BlockDiagram:2753 - set Specific Code input for plugin: NVIC
2023-06-07 04:55:19,069 [INFO] BlockDiagram:2753 - set Specific Code input for plugin: GPIO
2023-06-07 04:55:19,070 [INFO] CodeGenerator:690 - code generatio: config db path: C:\ST\STM32CubeIDE_1.7.0\STM32CubeIDE\plugins\com.st.stm32cube.common.mx_6.6.0.202206222154\\db\
2023-06-07 04:55:19,071 [WARN] IP:2111 - I2C_Coeff_DF not found: check if there is a RefParameter without a condition.
2023-06-07 04:55:19,071 [WARN] IP:2111 - Analog_Filter not found: check if there is a RefParameter without a condition.
2023-06-07 04:55:19,411 [INFO] CodeEngine:245 - oldGeneratedFile, E:\Drone\debug\Debug\MXTmpFiles\license.tmp_save
2023-06-07 04:55:19,525 [INFO] CodeEngine:269 - Generated code: E:\Drone\debug\Debug\MXTmpFiles\license.tmp
2023-06-07 04:55:19,559 [INFO] CodeEngine:245 - oldGeneratedFile, E:\Drone\debug\Debug\Core\Src\gpio.c_save
2023-06-07 04:55:19,722 [INFO] CodeEngine:269 - Generated code: E:\Drone\debug\Debug\Core\Src\gpio.c
2023-06-07 04:55:19,735 [INFO] CodeEngine:245 - oldGeneratedFile, E:\Drone\debug\Debug\Core\Inc\gpio.h_save
2023-06-07 04:55:19,825 [INFO] CodeEngine:269 - Generated code: E:\Drone\debug\Debug\Core\Inc\gpio.h
2023-06-07 04:55:19,873 [INFO] CodeEngine:245 - oldGeneratedFile, E:\Drone\debug\Debug\Core\Src\i2c.c_save
2023-06-07 04:55:20,096 [INFO] CodeEngine:269 - Generated code: E:\Drone\debug\Debug\Core\Src\i2c.c
2023-06-07 04:55:20,119 [INFO] CodeEngine:245 - oldGeneratedFile, E:\Drone\debug\Debug\Core\Inc\i2c.h_save
2023-06-07 04:55:20,243 [INFO] CodeEngine:269 - Generated code: E:\Drone\debug\Debug\Core\Inc\i2c.h
2023-06-07 04:55:20,262 [INFO] CodeEngine:245 - oldGeneratedFile, E:\Drone\debug\Debug\Core\Src\stm32f4xx_it.c_save
2023-06-07 04:55:20,362 [INFO] CodeEngine:269 - Generated code: E:\Drone\debug\Debug\Core\Src\stm32f4xx_it.c
2023-06-07 04:55:20,375 [INFO] CodeEngine:245 - oldGeneratedFile, E:\Drone\debug\Debug\Core\Inc\stm32f4xx_it.h_save
2023-06-07 04:55:20,443 [INFO] CodeEngine:269 - Generated code: E:\Drone\debug\Debug\Core\Inc\stm32f4xx_it.h
2023-06-07 04:55:20,459 [INFO] CodeEngine:245 - oldGeneratedFile, E:\Drone\debug\Debug\Core\Src\stm32f4xx_hal_msp.c_save
2023-06-07 04:55:20,558 [INFO] CodeEngine:269 - Generated code: E:\Drone\debug\Debug\Core\Src\stm32f4xx_hal_msp.c
2023-06-07 04:55:20,561 [INFO] CodeEngine:245 - oldGeneratedFile, E:\Drone\debug\Debug\MXTmpFiles\system.tmp_save
2023-06-07 04:55:20,619 [INFO] CodeEngine:269 - Generated code: E:\Drone\debug\Debug\MXTmpFiles\system.tmp
2023-06-07 04:55:20,635 [INFO] CodeEngine:245 - oldGeneratedFile, E:\Drone\debug\Debug\Core\Inc\stm32f4xx_hal_conf.h_save
2023-06-07 04:55:20,758 [INFO] CodeEngine:269 - Generated code: E:\Drone\debug\Debug\Core\Inc\stm32f4xx_hal_conf.h
2023-06-07 04:55:20,788 [INFO] CodeEngine:245 - oldGeneratedFile, E:\Drone\debug\Debug\Core\Inc\main.h_save
2023-06-07 04:55:20,896 [INFO] CodeEngine:269 - Generated code: E:\Drone\debug\Debug\Core\Inc\main.h
2023-06-07 04:55:20,907 [INFO] CodeEngine:245 - oldGeneratedFile, E:\Drone\debug\Debug\Core\Src\main.c_save
2023-06-07 04:55:21,001 [INFO] CodeEngine:269 - Generated code: E:\Drone\debug\Debug\Core\Src\main.c
2023-06-07 04:55:21,694 [INFO] ProjectBuilder:2919 - Time for Copy HAL[1] : 197mS.
2023-06-07 04:55:21,697 [INFO] ProjectBuilder:4115 - Project Generator version: 3.17.1
2023-06-07 04:55:22,089 [INFO] ConfigFileManager:1394 - The Die is : DIE413
2023-06-07 04:55:23,593 [INFO] ProjectBuilder:4283 - Time for Generating toolchain IDE Files: 1896mS.
2023-06-07 04:55:23,593 [INFO] ProjectBuilder:2790 - Time for Copy CMSIS : 0mS.
2023-06-07 04:55:23,595 [INFO] ProjectBuilder:2790 - Time for Copy CMSIS : 0mS.
2023-06-08 22:21:08,976 [ERROR] LogOutputStream:74 - [STDERR_REDIRECT] 
